Starting Global Optimization...

Current time: Wed Dec  4 16:41:00 2024 
Best design point: 1
Design specs: 
	Gain_Boosted_Cascode:pmis_5OTA_Optimized:1	corner	Nominal - 
	gainBwProd((VF("/VOUT+") - VF("/VOUT-")))		Error	No
	unityGainFreq((VF("/VOUT+") - VF("/VOUT-")))		Error	No
	OP("/M0" "region")		1	No
	OP("/M1" "region")		1	No
	OP("/M2" "region")		1	No
	OP("/M4" "region")		0	No
	OP("/M5" "region")		0	No
	IDC("/V9/MINUS")		2.36u
	GAIN		-39.92	No
	BW		Error	No
	DC_GAIN		-97.97
Design parameters: 
	Gain_Boosted_Cascode/pmis_5OTA_Optimized/schematic/M2  l		100n
	Gain_Boosted_Cascode/pmis_5OTA_Optimized/schematic/M2  w		56u
	Gain_Boosted_Cascode/pmis_5OTA_Optimized/schematic/M2  m		5
	Gain_Boosted_Cascode/pmis_5OTA_Optimized/schematic/M1  l		100n
	Gain_Boosted_Cascode/pmis_5OTA_Optimized/schematic/M1  w		56u
	Gain_Boosted_Cascode/pmis_5OTA_Optimized/schematic/M1  m		5
	Gain_Boosted_Cascode/pmis_5OTA_Optimized/schematic/M5  l		1.3u
	Gain_Boosted_Cascode/pmis_5OTA_Optimized/schematic/M5  w		46u
	Gain_Boosted_Cascode/pmis_5OTA_Optimized/schematic/M5  m		3
	Gain_Boosted_Cascode/pmis_5OTA_Optimized/schematic/M4  l		1.3u
	Gain_Boosted_Cascode/pmis_5OTA_Optimized/schematic/M4  w		46u
	Gain_Boosted_Cascode/pmis_5OTA_Optimized/schematic/M4  m		3
	Gain_Boosted_Cascode/pmis_5OTA_Optimized/schematic/V12  vdc		840m
	Gain_Boosted_Cascode/pmis_5OTA_Optimized/schematic/V11  vdc		40m
	Gain_Boosted_Cascode/pmis_5OTA_Optimized/schematic/M0  l		850n
	Gain_Boosted_Cascode/pmis_5OTA_Optimized/schematic/M0  m		9
	Gain_Boosted_Cascode/pmis_5OTA_Optimized/schematic/M0  w		11u

Best design point: 2
Design specs: 
	Gain_Boosted_Cascode:pmis_5OTA_Optimized:1	corner	Nominal - 
	gainBwProd((VF("/VOUT+") - VF("/VOUT-")))		267.2k
	unityGainFreq((VF("/VOUT+") - VF("/VOUT-")))		Error	No
	OP("/M0" "region")		0	No
	OP("/M1" "region")		0	No
	OP("/M2" "region")		0	No
	OP("/M4" "region")		3	No
	OP("/M5" "region")		3	No
	IDC("/V9/MINUS")		69.98n
	GAIN		-1.729	No
	BW		325.3k	No
	DC_GAIN		-1.729
Design parameters: 
	Gain_Boosted_Cascode/pmis_5OTA_Optimized/schematic/M2  l		100n
	Gain_Boosted_Cascode/pmis_5OTA_Optimized/schematic/M2  w		26u
	Gain_Boosted_Cascode/pmis_5OTA_Optimized/schematic/M2  m		9
	Gain_Boosted_Cascode/pmis_5OTA_Optimized/schematic/M1  l		100n
	Gain_Boosted_Cascode/pmis_5OTA_Optimized/schematic/M1  w		26u
	Gain_Boosted_Cascode/pmis_5OTA_Optimized/schematic/M1  m		9
	Gain_Boosted_Cascode/pmis_5OTA_Optimized/schematic/M5  l		1.15u
	Gain_Boosted_Cascode/pmis_5OTA_Optimized/schematic/M5  w		91u
	Gain_Boosted_Cascode/pmis_5OTA_Optimized/schematic/M5  m		5
	Gain_Boosted_Cascode/pmis_5OTA_Optimized/schematic/M4  l		1.15u
	Gain_Boosted_Cascode/pmis_5OTA_Optimized/schematic/M4  w		91u
	Gain_Boosted_Cascode/pmis_5OTA_Optimized/schematic/M4  m		5
	Gain_Boosted_Cascode/pmis_5OTA_Optimized/schematic/V12  vdc		1.19
	Gain_Boosted_Cascode/pmis_5OTA_Optimized/schematic/V11  vdc		80m
	Gain_Boosted_Cascode/pmis_5OTA_Optimized/schematic/M0  l		100n
	Gain_Boosted_Cascode/pmis_5OTA_Optimized/schematic/M0  m		6
	Gain_Boosted_Cascode/pmis_5OTA_Optimized/schematic/M0  w		21u

Best design point: 4
Design specs: 
	Gain_Boosted_Cascode:pmis_5OTA_Optimized:1	corner	Nominal - 
	gainBwProd((VF("/VOUT+") - VF("/VOUT-")))		403.2k
	unityGainFreq((VF("/VOUT+") - VF("/VOUT-")))		Error	No
	OP("/M0" "region")		3	No
	OP("/M1" "region")		3	No
	OP("/M2" "region")		3	No
	OP("/M4" "region")		3	No
	OP("/M5" "region")		3	No
	IDC("/V9/MINUS")		107.5n
	GAIN		-20.42	No
	BW		4.224M	Yes
	DC_GAIN		-20.42
Design parameters: 
	Gain_Boosted_Cascode/pmis_5OTA_Optimized/schematic/M2  l		100n
	Gain_Boosted_Cascode/pmis_5OTA_Optimized/schematic/M2  w		11u
	Gain_Boosted_Cascode/pmis_5OTA_Optimized/schematic/M2  m		7
	Gain_Boosted_Cascode/pmis_5OTA_Optimized/schematic/M1  l		100n
	Gain_Boosted_Cascode/pmis_5OTA_Optimized/schematic/M1  w		11u
	Gain_Boosted_Cascode/pmis_5OTA_Optimized/schematic/M1  m		7
	Gain_Boosted_Cascode/pmis_5OTA_Optimized/schematic/M5  l		400n
	Gain_Boosted_Cascode/pmis_5OTA_Optimized/schematic/M5  w		76u
	Gain_Boosted_Cascode/pmis_5OTA_Optimized/schematic/M5  m		8
	Gain_Boosted_Cascode/pmis_5OTA_Optimized/schematic/M4  l		400n
	Gain_Boosted_Cascode/pmis_5OTA_Optimized/schematic/M4  w		76u
	Gain_Boosted_Cascode/pmis_5OTA_Optimized/schematic/M4  m		8
	Gain_Boosted_Cascode/pmis_5OTA_Optimized/schematic/V12  vdc		1.13
	Gain_Boosted_Cascode/pmis_5OTA_Optimized/schematic/V11  vdc		130m
	Gain_Boosted_Cascode/pmis_5OTA_Optimized/schematic/M0  l		250n
	Gain_Boosted_Cascode/pmis_5OTA_Optimized/schematic/M0  m		2
	Gain_Boosted_Cascode/pmis_5OTA_Optimized/schematic/M0  w		41u

Best design point: 6
Design specs: 
	Gain_Boosted_Cascode:pmis_5OTA_Optimized:1	corner	Nominal - 
	gainBwProd((VF("/VOUT+") - VF("/VOUT-")))		1.093M
	unityGainFreq((VF("/VOUT+") - VF("/VOUT-")))		Error	No
	OP("/M0" "region")		3	No
	OP("/M1" "region")		3	No
	OP("/M2" "region")		3	No
	OP("/M4" "region")		3	No
	OP("/M5" "region")		3	No
	IDC("/V9/MINUS")		712.6n
	GAIN		-15.91	No
	BW		6.812M	Yes
	DC_GAIN		-15.91
Design parameters: 
	Gain_Boosted_Cascode/pmis_5OTA_Optimized/schematic/M2  l		100n
	Gain_Boosted_Cascode/pmis_5OTA_Optimized/schematic/M2  w		41u
	Gain_Boosted_Cascode/pmis_5OTA_Optimized/schematic/M2  m		3
	Gain_Boosted_Cascode/pmis_5OTA_Optimized/schematic/M1  l		100n
	Gain_Boosted_Cascode/pmis_5OTA_Optimized/schematic/M1  w		41u
	Gain_Boosted_Cascode/pmis_5OTA_Optimized/schematic/M1  m		3
	Gain_Boosted_Cascode/pmis_5OTA_Optimized/schematic/M5  l		1.3u
	Gain_Boosted_Cascode/pmis_5OTA_Optimized/schematic/M5  w		56u
	Gain_Boosted_Cascode/pmis_5OTA_Optimized/schematic/M5  m		2
	Gain_Boosted_Cascode/pmis_5OTA_Optimized/schematic/M4  l		1.3u
	Gain_Boosted_Cascode/pmis_5OTA_Optimized/schematic/M4  w		56u
	Gain_Boosted_Cascode/pmis_5OTA_Optimized/schematic/M4  m		2
	Gain_Boosted_Cascode/pmis_5OTA_Optimized/schematic/V12  vdc		1.07
	Gain_Boosted_Cascode/pmis_5OTA_Optimized/schematic/V11  vdc		190m
	Gain_Boosted_Cascode/pmis_5OTA_Optimized/schematic/M0  l		400n
	Gain_Boosted_Cascode/pmis_5OTA_Optimized/schematic/M0  m		8
	Gain_Boosted_Cascode/pmis_5OTA_Optimized/schematic/M0  w		66u

Best design point: 8
Design specs: 
	Gain_Boosted_Cascode:pmis_5OTA_Optimized:1	corner	Nominal - 
	gainBwProd((VF("/VOUT+") - VF("/VOUT-")))		6.328M
	unityGainFreq((VF("/VOUT+") - VF("/VOUT-")))		Error	No
	OP("/M0" "region")		3	No
	OP("/M1" "region")		3	No
	OP("/M2" "region")		3	No
	OP("/M4" "region")		3	No
	OP("/M5" "region")		3	No
	IDC("/V9/MINUS")		5.059u
	GAIN		-14.15	No
	BW		32.18M	Yes
	DC_GAIN		-14.15
Design parameters: 
	Gain_Boosted_Cascode/pmis_5OTA_Optimized/schematic/M2  l		100n
	Gain_Boosted_Cascode/pmis_5OTA_Optimized/schematic/M2  w		6u
	Gain_Boosted_Cascode/pmis_5OTA_Optimized/schematic/M2  m		8
	Gain_Boosted_Cascode/pmis_5OTA_Optimized/schematic/M1  l		100n
	Gain_Boosted_Cascode/pmis_5OTA_Optimized/schematic/M1  w		6u
	Gain_Boosted_Cascode/pmis_5OTA_Optimized/schematic/M1  m		8
	Gain_Boosted_Cascode/pmis_5OTA_Optimized/schematic/M5  l		850n
	Gain_Boosted_Cascode/pmis_5OTA_Optimized/schematic/M5  w		51u
	Gain_Boosted_Cascode/pmis_5OTA_Optimized/schematic/M5  m		5
	Gain_Boosted_Cascode/pmis_5OTA_Optimized/schematic/M4  l		850n
	Gain_Boosted_Cascode/pmis_5OTA_Optimized/schematic/M4  w		51u
	Gain_Boosted_Cascode/pmis_5OTA_Optimized/schematic/M4  m		5
	Gain_Boosted_Cascode/pmis_5OTA_Optimized/schematic/V12  vdc		1.01
	Gain_Boosted_Cascode/pmis_5OTA_Optimized/schematic/V11  vdc		240m
	Gain_Boosted_Cascode/pmis_5OTA_Optimized/schematic/M0  l		400n
	Gain_Boosted_Cascode/pmis_5OTA_Optimized/schematic/M0  m		3
	Gain_Boosted_Cascode/pmis_5OTA_Optimized/schematic/M0  w		86u

Best design point: 11
Design specs: 
	Gain_Boosted_Cascode:pmis_5OTA_Optimized:1	corner	Nominal - 
	gainBwProd((VF("/VOUT+") - VF("/VOUT-")))		88.42M
	unityGainFreq((VF("/VOUT+") - VF("/VOUT-")))		33.73M
	OP("/M0" "region")		2	Yes
	OP("/M1" "region")		3	No
	OP("/M2" "region")		3	No
	OP("/M4" "region")		1	No
	OP("/M5" "region")		1	No
	IDC("/V9/MINUS")		151.1u
	GAIN		695.2m	No
	BW		81.43M	Yes
	DC_GAIN		695.2m
Design parameters: 
	Gain_Boosted_Cascode/pmis_5OTA_Optimized/schematic/M2  l		100n
	Gain_Boosted_Cascode/pmis_5OTA_Optimized/schematic/M2  w		76u
	Gain_Boosted_Cascode/pmis_5OTA_Optimized/schematic/M2  m		10
	Gain_Boosted_Cascode/pmis_5OTA_Optimized/schematic/M1  l		100n
	Gain_Boosted_Cascode/pmis_5OTA_Optimized/schematic/M1  w		76u
	Gain_Boosted_Cascode/pmis_5OTA_Optimized/schematic/M1  m		10
	Gain_Boosted_Cascode/pmis_5OTA_Optimized/schematic/M5  l		1.45u
	Gain_Boosted_Cascode/pmis_5OTA_Optimized/schematic/M5  w		81u
	Gain_Boosted_Cascode/pmis_5OTA_Optimized/schematic/M5  m		1
	Gain_Boosted_Cascode/pmis_5OTA_Optimized/schematic/M4  l		1.45u
	Gain_Boosted_Cascode/pmis_5OTA_Optimized/schematic/M4  w		81u
	Gain_Boosted_Cascode/pmis_5OTA_Optimized/schematic/M4  m		1
	Gain_Boosted_Cascode/pmis_5OTA_Optimized/schematic/V12  vdc		580m
	Gain_Boosted_Cascode/pmis_5OTA_Optimized/schematic/V11  vdc		340m
	Gain_Boosted_Cascode/pmis_5OTA_Optimized/schematic/M0  l		1.3u
	Gain_Boosted_Cascode/pmis_5OTA_Optimized/schematic/M0  m		7
	Gain_Boosted_Cascode/pmis_5OTA_Optimized/schematic/M0  w		16u

Best design point: 13
Design specs: 
	Gain_Boosted_Cascode:pmis_5OTA_Optimized:1	corner	Nominal - 
	gainBwProd((VF("/VOUT+") - VF("/VOUT-")))		361.6M
	unityGainFreq((VF("/VOUT+") - VF("/VOUT-")))		231.9M
	OP("/M0" "region")		2	Yes
	OP("/M1" "region")		3	No
	OP("/M2" "region")		3	No
	OP("/M4" "region")		1	No
	OP("/M5" "region")		1	No
	IDC("/V9/MINUS")		460.5u
	GAIN		2.281	No
	BW		277.5M	Yes
	DC_GAIN		2.281
Design parameters: 
	Gain_Boosted_Cascode/pmis_5OTA_Optimized/schematic/M2  l		100n
	Gain_Boosted_Cascode/pmis_5OTA_Optimized/schematic/M2  w		61u
	Gain_Boosted_Cascode/pmis_5OTA_Optimized/schematic/M2  m		7
	Gain_Boosted_Cascode/pmis_5OTA_Optimized/schematic/M1  l		100n
	Gain_Boosted_Cascode/pmis_5OTA_Optimized/schematic/M1  w		61u
	Gain_Boosted_Cascode/pmis_5OTA_Optimized/schematic/M1  m		7
	Gain_Boosted_Cascode/pmis_5OTA_Optimized/schematic/M5  l		850n
	Gain_Boosted_Cascode/pmis_5OTA_Optimized/schematic/M5  w		61u
	Gain_Boosted_Cascode/pmis_5OTA_Optimized/schematic/M5  m		5
	Gain_Boosted_Cascode/pmis_5OTA_Optimized/schematic/M4  l		850n
	Gain_Boosted_Cascode/pmis_5OTA_Optimized/schematic/M4  w		61u
	Gain_Boosted_Cascode/pmis_5OTA_Optimized/schematic/M4  m		5
	Gain_Boosted_Cascode/pmis_5OTA_Optimized/schematic/V12  vdc		520m
	Gain_Boosted_Cascode/pmis_5OTA_Optimized/schematic/V11  vdc		400m
	Gain_Boosted_Cascode/pmis_5OTA_Optimized/schematic/M0  l		1.3u
	Gain_Boosted_Cascode/pmis_5OTA_Optimized/schematic/M0  m		2
	Gain_Boosted_Cascode/pmis_5OTA_Optimized/schematic/M0  w		36u

Best design point: 16
Design specs: 
	Gain_Boosted_Cascode:pmis_5OTA_Optimized:1	corner	Nominal - 
	gainBwProd((VF("/VOUT+") - VF("/VOUT-")))		9.915M
	unityGainFreq((VF("/VOUT+") - VF("/VOUT-")))		Error	No
	OP("/M0" "region")		2	Yes
	OP("/M1" "region")		2	Yes
	OP("/M2" "region")		2	Yes
	OP("/M4" "region")		1	No
	OP("/M5" "region")		1	No
	IDC("/V9/MINUS")		145.3u
	GAIN		-29.49	No
	BW		294.8M	Yes
	DC_GAIN		-29.49
Design parameters: 
	Gain_Boosted_Cascode/pmis_5OTA_Optimized/schematic/M2  l		250n
	Gain_Boosted_Cascode/pmis_5OTA_Optimized/schematic/M2  w		1u
	Gain_Boosted_Cascode/pmis_5OTA_Optimized/schematic/M2  m		5
	Gain_Boosted_Cascode/pmis_5OTA_Optimized/schematic/M1  l		250n
	Gain_Boosted_Cascode/pmis_5OTA_Optimized/schematic/M1  w		1u
	Gain_Boosted_Cascode/pmis_5OTA_Optimized/schematic/M1  m		5
	Gain_Boosted_Cascode/pmis_5OTA_Optimized/schematic/M5  l		1.45u
	Gain_Boosted_Cascode/pmis_5OTA_Optimized/schematic/M5  w		91u
	Gain_Boosted_Cascode/pmis_5OTA_Optimized/schematic/M5  m		10
	Gain_Boosted_Cascode/pmis_5OTA_Optimized/schematic/M4  l		1.45u
	Gain_Boosted_Cascode/pmis_5OTA_Optimized/schematic/M4  w		91u
	Gain_Boosted_Cascode/pmis_5OTA_Optimized/schematic/M4  m		10
	Gain_Boosted_Cascode/pmis_5OTA_Optimized/schematic/V12  vdc		810m
	Gain_Boosted_Cascode/pmis_5OTA_Optimized/schematic/V11  vdc		490m
	Gain_Boosted_Cascode/pmis_5OTA_Optimized/schematic/M0  l		700n
	Gain_Boosted_Cascode/pmis_5OTA_Optimized/schematic/M0  m		6
	Gain_Boosted_Cascode/pmis_5OTA_Optimized/schematic/M0  w		66u

Best design point: 31
Design specs: 
	Gain_Boosted_Cascode:pmis_5OTA_Optimized:1	corner	Nominal - 
	gainBwProd((VF("/VOUT+") - VF("/VOUT-")))		108.7M
	unityGainFreq((VF("/VOUT+") - VF("/VOUT-")))		Error	No
	OP("/M0" "region")		2	Yes
	OP("/M1" "region")		2	Yes
	OP("/M2" "region")		2	Yes
	OP("/M4" "region")		1	No
	OP("/M5" "region")		1	No
	IDC("/V9/MINUS")		171.9u
	GAIN		-5.336	No
	BW		200.4M	Yes
	DC_GAIN		-5.336
Design parameters: 
	Gain_Boosted_Cascode/pmis_5OTA_Optimized/schematic/M2  l		400n
	Gain_Boosted_Cascode/pmis_5OTA_Optimized/schematic/M2  w		86u
	Gain_Boosted_Cascode/pmis_5OTA_Optimized/schematic/M2  m		7
	Gain_Boosted_Cascode/pmis_5OTA_Optimized/schematic/M1  l		400n
	Gain_Boosted_Cascode/pmis_5OTA_Optimized/schematic/M1  w		86u
	Gain_Boosted_Cascode/pmis_5OTA_Optimized/schematic/M1  m		7
	Gain_Boosted_Cascode/pmis_5OTA_Optimized/schematic/M5  l		1.3u
	Gain_Boosted_Cascode/pmis_5OTA_Optimized/schematic/M5  w		41u
	Gain_Boosted_Cascode/pmis_5OTA_Optimized/schematic/M5  m		8
	Gain_Boosted_Cascode/pmis_5OTA_Optimized/schematic/M4  l		1.3u
	Gain_Boosted_Cascode/pmis_5OTA_Optimized/schematic/M4  w		41u
	Gain_Boosted_Cascode/pmis_5OTA_Optimized/schematic/M4  m		8
	Gain_Boosted_Cascode/pmis_5OTA_Optimized/schematic/V12  vdc		720m
	Gain_Boosted_Cascode/pmis_5OTA_Optimized/schematic/V11  vdc		440m
	Gain_Boosted_Cascode/pmis_5OTA_Optimized/schematic/M0  l		550n
	Gain_Boosted_Cascode/pmis_5OTA_Optimized/schematic/M0  m		4
	Gain_Boosted_Cascode/pmis_5OTA_Optimized/schematic/M0  w		21u

Best design point: 33
Design specs: 
	Gain_Boosted_Cascode:pmis_5OTA_Optimized:1	corner	Nominal - 
	gainBwProd((VF("/VOUT+") - VF("/VOUT-")))		335M
	unityGainFreq((VF("/VOUT+") - VF("/VOUT-")))		Error	No
	OP("/M0" "region")		2	Yes
	OP("/M1" "region")		2	Yes
	OP("/M2" "region")		2	Yes
	OP("/M4" "region")		1	No
	OP("/M5" "region")		1	No
	IDC("/V9/MINUS")		365u
	GAIN		-6.718m	No
	BW		334.4M	Yes
	DC_GAIN		-6.718m
Design parameters: 
	Gain_Boosted_Cascode/pmis_5OTA_Optimized/schematic/M2  l		400n
	Gain_Boosted_Cascode/pmis_5OTA_Optimized/schematic/M2  w		61u
	Gain_Boosted_Cascode/pmis_5OTA_Optimized/schematic/M2  m		4
	Gain_Boosted_Cascode/pmis_5OTA_Optimized/schematic/M1  l		400n
	Gain_Boosted_Cascode/pmis_5OTA_Optimized/schematic/M1  w		61u
	Gain_Boosted_Cascode/pmis_5OTA_Optimized/schematic/M1  m		4
	Gain_Boosted_Cascode/pmis_5OTA_Optimized/schematic/M5  l		850n
	Gain_Boosted_Cascode/pmis_5OTA_Optimized/schematic/M5  w		21u
	Gain_Boosted_Cascode/pmis_5OTA_Optimized/schematic/M5  m		1
	Gain_Boosted_Cascode/pmis_5OTA_Optimized/schematic/M4  l		850n
	Gain_Boosted_Cascode/pmis_5OTA_Optimized/schematic/M4  w		21u
	Gain_Boosted_Cascode/pmis_5OTA_Optimized/schematic/M4  m		1
	Gain_Boosted_Cascode/pmis_5OTA_Optimized/schematic/V12  vdc		710m
	Gain_Boosted_Cascode/pmis_5OTA_Optimized/schematic/V11  vdc		500m
	Gain_Boosted_Cascode/pmis_5OTA_Optimized/schematic/M0  l		550n
	Gain_Boosted_Cascode/pmis_5OTA_Optimized/schematic/M0  m		9
	Gain_Boosted_Cascode/pmis_5OTA_Optimized/schematic/M0  w		41u

Best design point: 130
Design specs: 
	Gain_Boosted_Cascode:pmis_5OTA_Optimized:1	corner	Nominal - 
	gainBwProd((VF("/VOUT+") - VF("/VOUT-")))		323.9M
	unityGainFreq((VF("/VOUT+") - VF("/VOUT-")))		326.6M
	OP("/M0" "region")		2	Yes
	OP("/M1" "region")		2	Yes
	OP("/M2" "region")		2	Yes
	OP("/M4" "region")		3	No
	OP("/M5" "region")		3	No
	IDC("/V9/MINUS")		1.007m
	GAIN		14.81	No
	BW		58.74M	Yes
	DC_GAIN		14.81
Design parameters: 
	Gain_Boosted_Cascode/pmis_5OTA_Optimized/schematic/M2  l		1.3u
	Gain_Boosted_Cascode/pmis_5OTA_Optimized/schematic/M2  w		31u
	Gain_Boosted_Cascode/pmis_5OTA_Optimized/schematic/M2  m		6
	Gain_Boosted_Cascode/pmis_5OTA_Optimized/schematic/M1  l		1.3u
	Gain_Boosted_Cascode/pmis_5OTA_Optimized/schematic/M1  w		31u
	Gain_Boosted_Cascode/pmis_5OTA_Optimized/schematic/M1  m		6
	Gain_Boosted_Cascode/pmis_5OTA_Optimized/schematic/M5  l		250n
	Gain_Boosted_Cascode/pmis_5OTA_Optimized/schematic/M5  w		71u
	Gain_Boosted_Cascode/pmis_5OTA_Optimized/schematic/M5  m		7
	Gain_Boosted_Cascode/pmis_5OTA_Optimized/schematic/M4  l		250n
	Gain_Boosted_Cascode/pmis_5OTA_Optimized/schematic/M4  w		71u
	Gain_Boosted_Cascode/pmis_5OTA_Optimized/schematic/M4  m		7
	Gain_Boosted_Cascode/pmis_5OTA_Optimized/schematic/V12  vdc		530m
	Gain_Boosted_Cascode/pmis_5OTA_Optimized/schematic/V11  vdc		350m
	Gain_Boosted_Cascode/pmis_5OTA_Optimized/schematic/M0  l		700n
	Gain_Boosted_Cascode/pmis_5OTA_Optimized/schematic/M0  m		8
	Gain_Boosted_Cascode/pmis_5OTA_Optimized/schematic/M0  w		46u

Best design point: 175
Design specs: 
	Gain_Boosted_Cascode:pmis_5OTA_Optimized:1	corner	Nominal - 
	gainBwProd((VF("/VOUT+") - VF("/VOUT-")))		476.7M
	unityGainFreq((VF("/VOUT+") - VF("/VOUT-")))		481.1M
	OP("/M0" "region")		2	Yes
	OP("/M1" "region")		2	Yes
	OP("/M2" "region")		2	Yes
	OP("/M4" "region")		1	No
	OP("/M5" "region")		1	No
	IDC("/V9/MINUS")		365u
	GAIN		15.78	No
	BW		77.26M	Yes
	DC_GAIN		15.78
Design parameters: 
	Gain_Boosted_Cascode/pmis_5OTA_Optimized/schematic/M2  l		400n
	Gain_Boosted_Cascode/pmis_5OTA_Optimized/schematic/M2  w		61u
	Gain_Boosted_Cascode/pmis_5OTA_Optimized/schematic/M2  m		3
	Gain_Boosted_Cascode/pmis_5OTA_Optimized/schematic/M1  l		400n
	Gain_Boosted_Cascode/pmis_5OTA_Optimized/schematic/M1  w		61u
	Gain_Boosted_Cascode/pmis_5OTA_Optimized/schematic/M1  m		3
	Gain_Boosted_Cascode/pmis_5OTA_Optimized/schematic/M5  l		850n
	Gain_Boosted_Cascode/pmis_5OTA_Optimized/schematic/M5  w		11u
	Gain_Boosted_Cascode/pmis_5OTA_Optimized/schematic/M5  m		3
	Gain_Boosted_Cascode/pmis_5OTA_Optimized/schematic/M4  l		850n
	Gain_Boosted_Cascode/pmis_5OTA_Optimized/schematic/M4  w		11u
	Gain_Boosted_Cascode/pmis_5OTA_Optimized/schematic/M4  m		3
	Gain_Boosted_Cascode/pmis_5OTA_Optimized/schematic/V12  vdc		710m
	Gain_Boosted_Cascode/pmis_5OTA_Optimized/schematic/V11  vdc		500m
	Gain_Boosted_Cascode/pmis_5OTA_Optimized/schematic/M0  l		550n
	Gain_Boosted_Cascode/pmis_5OTA_Optimized/schematic/M0  m		9
	Gain_Boosted_Cascode/pmis_5OTA_Optimized/schematic/M0  w		41u

Best design point: 154
Design specs: 
	Gain_Boosted_Cascode:pmis_5OTA_Optimized:1	corner	Nominal - 
	gainBwProd((VF("/VOUT+") - VF("/VOUT-")))		358.6M
	unityGainFreq((VF("/VOUT+") - VF("/VOUT-")))		372.9M
	OP("/M0" "region")		2	Yes
	OP("/M1" "region")		2	Yes
	OP("/M2" "region")		2	Yes
	OP("/M4" "region")		2	Yes
	OP("/M5" "region")		2	Yes
	IDC("/V9/MINUS")		451.9u
	GAIN		24.35	No
	BW		21.68M	Yes
	DC_GAIN		24.35
Design parameters: 
	Gain_Boosted_Cascode/pmis_5OTA_Optimized/schematic/M2  l		1.15u
	Gain_Boosted_Cascode/pmis_5OTA_Optimized/schematic/M2  w		71u
	Gain_Boosted_Cascode/pmis_5OTA_Optimized/schematic/M2  m		1
	Gain_Boosted_Cascode/pmis_5OTA_Optimized/schematic/M1  l		1.15u
	Gain_Boosted_Cascode/pmis_5OTA_Optimized/schematic/M1  w		71u
	Gain_Boosted_Cascode/pmis_5OTA_Optimized/schematic/M1  m		1
	Gain_Boosted_Cascode/pmis_5OTA_Optimized/schematic/M5  l		1u
	Gain_Boosted_Cascode/pmis_5OTA_Optimized/schematic/M5  w		21u
	Gain_Boosted_Cascode/pmis_5OTA_Optimized/schematic/M5  m		4
	Gain_Boosted_Cascode/pmis_5OTA_Optimized/schematic/M4  l		1u
	Gain_Boosted_Cascode/pmis_5OTA_Optimized/schematic/M4  w		21u
	Gain_Boosted_Cascode/pmis_5OTA_Optimized/schematic/M4  m		4
	Gain_Boosted_Cascode/pmis_5OTA_Optimized/schematic/V12  vdc		510m
	Gain_Boosted_Cascode/pmis_5OTA_Optimized/schematic/V11  vdc		460m
	Gain_Boosted_Cascode/pmis_5OTA_Optimized/schematic/M0  l		1u
	Gain_Boosted_Cascode/pmis_5OTA_Optimized/schematic/M0  m		6
	Gain_Boosted_Cascode/pmis_5OTA_Optimized/schematic/M0  w		26u

Best design point: 188
Design specs: 
	Gain_Boosted_Cascode:pmis_5OTA_Optimized:1	corner	Nominal - 
	gainBwProd((VF("/VOUT+") - VF("/VOUT-")))		352.5M
	unityGainFreq((VF("/VOUT+") - VF("/VOUT-")))		366.1M
	OP("/M0" "region")		2	Yes
	OP("/M1" "region")		2	Yes
	OP("/M2" "region")		2	Yes
	OP("/M4" "region")		2	Yes
	OP("/M5" "region")		2	Yes
	IDC("/V9/MINUS")		451.7u
	GAIN		24.37	No
	BW		21.28M	Yes
	DC_GAIN		24.37
Design parameters: 
	Gain_Boosted_Cascode/pmis_5OTA_Optimized/schematic/M2  l		1.15u
	Gain_Boosted_Cascode/pmis_5OTA_Optimized/schematic/M2  w		66u
	Gain_Boosted_Cascode/pmis_5OTA_Optimized/schematic/M2  m		1
	Gain_Boosted_Cascode/pmis_5OTA_Optimized/schematic/M1  l		1.15u
	Gain_Boosted_Cascode/pmis_5OTA_Optimized/schematic/M1  w		66u
	Gain_Boosted_Cascode/pmis_5OTA_Optimized/schematic/M1  m		1
	Gain_Boosted_Cascode/pmis_5OTA_Optimized/schematic/M5  l		1u
	Gain_Boosted_Cascode/pmis_5OTA_Optimized/schematic/M5  w		21u
	Gain_Boosted_Cascode/pmis_5OTA_Optimized/schematic/M5  m		4
	Gain_Boosted_Cascode/pmis_5OTA_Optimized/schematic/M4  l		1u
	Gain_Boosted_Cascode/pmis_5OTA_Optimized/schematic/M4  w		21u
	Gain_Boosted_Cascode/pmis_5OTA_Optimized/schematic/M4  m		4
	Gain_Boosted_Cascode/pmis_5OTA_Optimized/schematic/V12  vdc		510m
	Gain_Boosted_Cascode/pmis_5OTA_Optimized/schematic/V11  vdc		460m
	Gain_Boosted_Cascode/pmis_5OTA_Optimized/schematic/M0  l		1u
	Gain_Boosted_Cascode/pmis_5OTA_Optimized/schematic/M0  m		6
	Gain_Boosted_Cascode/pmis_5OTA_Optimized/schematic/M0  w		26u

Best design point: 215
Design specs: 
	Gain_Boosted_Cascode:pmis_5OTA_Optimized:1	corner	Nominal - 
	gainBwProd((VF("/VOUT+") - VF("/VOUT-")))		383.4M
	unityGainFreq((VF("/VOUT+") - VF("/VOUT-")))		394.2M
	OP("/M0" "region")		2	Yes
	OP("/M1" "region")		2	Yes
	OP("/M2" "region")		2	Yes
	OP("/M4" "region")		2	Yes
	OP("/M5" "region")		2	Yes
	IDC("/V9/MINUS")		541.4u
	GAIN		24.9	No
	BW		21.75M	Yes
	DC_GAIN		24.9
Design parameters: 
	Gain_Boosted_Cascode/pmis_5OTA_Optimized/schematic/M2  l		850n
	Gain_Boosted_Cascode/pmis_5OTA_Optimized/schematic/M2  w		56u
	Gain_Boosted_Cascode/pmis_5OTA_Optimized/schematic/M2  m		2
	Gain_Boosted_Cascode/pmis_5OTA_Optimized/schematic/M1  l		850n
	Gain_Boosted_Cascode/pmis_5OTA_Optimized/schematic/M1  w		56u
	Gain_Boosted_Cascode/pmis_5OTA_Optimized/schematic/M1  m		2
	Gain_Boosted_Cascode/pmis_5OTA_Optimized/schematic/M5  l		1.45u
	Gain_Boosted_Cascode/pmis_5OTA_Optimized/schematic/M5  w		71u
	Gain_Boosted_Cascode/pmis_5OTA_Optimized/schematic/M5  m		7
	Gain_Boosted_Cascode/pmis_5OTA_Optimized/schematic/M4  l		1.45u
	Gain_Boosted_Cascode/pmis_5OTA_Optimized/schematic/M4  w		71u
	Gain_Boosted_Cascode/pmis_5OTA_Optimized/schematic/M4  m		7
	Gain_Boosted_Cascode/pmis_5OTA_Optimized/schematic/V12  vdc		540m
	Gain_Boosted_Cascode/pmis_5OTA_Optimized/schematic/V11  vdc		400m
	Gain_Boosted_Cascode/pmis_5OTA_Optimized/schematic/M0  l		1u
	Gain_Boosted_Cascode/pmis_5OTA_Optimized/schematic/M0  m		2
	Gain_Boosted_Cascode/pmis_5OTA_Optimized/schematic/M0  w		36u

Best design point: 257
Design specs: 
	Gain_Boosted_Cascode:pmis_5OTA_Optimized:1	corner	Nominal - 
	gainBwProd((VF("/VOUT+") - VF("/VOUT-")))		142.5M
	unityGainFreq((VF("/VOUT+") - VF("/VOUT-")))		147.4M
	OP("/M0" "region")		2	Yes
	OP("/M1" "region")		2	Yes
	OP("/M2" "region")		2	Yes
	OP("/M4" "region")		2	Yes
	OP("/M5" "region")		2	Yes
	IDC("/V9/MINUS")		103.8u
	GAIN		26.91	No
	BW		6.419M	Yes
	DC_GAIN		26.91
Design parameters: 
	Gain_Boosted_Cascode/pmis_5OTA_Optimized/schematic/M2  l		1.3u
	Gain_Boosted_Cascode/pmis_5OTA_Optimized/schematic/M2  w		81u
	Gain_Boosted_Cascode/pmis_5OTA_Optimized/schematic/M2  m		9
	Gain_Boosted_Cascode/pmis_5OTA_Optimized/schematic/M1  l		1.3u
	Gain_Boosted_Cascode/pmis_5OTA_Optimized/schematic/M1  w		81u
	Gain_Boosted_Cascode/pmis_5OTA_Optimized/schematic/M1  m		9
	Gain_Boosted_Cascode/pmis_5OTA_Optimized/schematic/M5  l		1.45u
	Gain_Boosted_Cascode/pmis_5OTA_Optimized/schematic/M5  w		21u
	Gain_Boosted_Cascode/pmis_5OTA_Optimized/schematic/M5  m		9
	Gain_Boosted_Cascode/pmis_5OTA_Optimized/schematic/M4  l		1.45u
	Gain_Boosted_Cascode/pmis_5OTA_Optimized/schematic/M4  w		21u
	Gain_Boosted_Cascode/pmis_5OTA_Optimized/schematic/M4  m		9
	Gain_Boosted_Cascode/pmis_5OTA_Optimized/schematic/V12  vdc		770m
	Gain_Boosted_Cascode/pmis_5OTA_Optimized/schematic/V11  vdc		370m
	Gain_Boosted_Cascode/pmis_5OTA_Optimized/schematic/M0  l		1.45u
	Gain_Boosted_Cascode/pmis_5OTA_Optimized/schematic/M0  m		6
	Gain_Boosted_Cascode/pmis_5OTA_Optimized/schematic/M0  w		56u

Best design point: 331
Design specs: 
	Gain_Boosted_Cascode:pmis_5OTA_Optimized:1	corner	Nominal - 
	gainBwProd((VF("/VOUT+") - VF("/VOUT-")))		160.6M
	unityGainFreq((VF("/VOUT+") - VF("/VOUT-")))		166.8M
	OP("/M0" "region")		2	Yes
	OP("/M1" "region")		2	Yes
	OP("/M2" "region")		2	Yes
	OP("/M4" "region")		2	Yes
	OP("/M5" "region")		2	Yes
	IDC("/V9/MINUS")		103.9u
	GAIN		27.59	No
	BW		6.682M	Yes
	DC_GAIN		27.59
Design parameters: 
	Gain_Boosted_Cascode/pmis_5OTA_Optimized/schematic/M2  l		850n
	Gain_Boosted_Cascode/pmis_5OTA_Optimized/schematic/M2  w		81u
	Gain_Boosted_Cascode/pmis_5OTA_Optimized/schematic/M2  m		10
	Gain_Boosted_Cascode/pmis_5OTA_Optimized/schematic/M1  l		850n
	Gain_Boosted_Cascode/pmis_5OTA_Optimized/schematic/M1  w		81u
	Gain_Boosted_Cascode/pmis_5OTA_Optimized/schematic/M1  m		10
	Gain_Boosted_Cascode/pmis_5OTA_Optimized/schematic/M5  l		1.45u
	Gain_Boosted_Cascode/pmis_5OTA_Optimized/schematic/M5  w		21u
	Gain_Boosted_Cascode/pmis_5OTA_Optimized/schematic/M5  m		9
	Gain_Boosted_Cascode/pmis_5OTA_Optimized/schematic/M4  l		1.45u
	Gain_Boosted_Cascode/pmis_5OTA_Optimized/schematic/M4  w		21u
	Gain_Boosted_Cascode/pmis_5OTA_Optimized/schematic/M4  m		9
	Gain_Boosted_Cascode/pmis_5OTA_Optimized/schematic/V12  vdc		770m
	Gain_Boosted_Cascode/pmis_5OTA_Optimized/schematic/V11  vdc		370m
	Gain_Boosted_Cascode/pmis_5OTA_Optimized/schematic/M0  l		1.45u
	Gain_Boosted_Cascode/pmis_5OTA_Optimized/schematic/M0  m		10
	Gain_Boosted_Cascode/pmis_5OTA_Optimized/schematic/M0  w		56u

Best design point: 727
Design specs: 
	Gain_Boosted_Cascode:pmis_5OTA_Optimized:1	corner	Nominal - 
	gainBwProd((VF("/VOUT+") - VF("/VOUT-")))		167.5M
	unityGainFreq((VF("/VOUT+") - VF("/VOUT-")))		173.1M
	OP("/M0" "region")		2	Yes
	OP("/M1" "region")		2	Yes
	OP("/M2" "region")		2	Yes
	OP("/M4" "region")		2	Yes
	OP("/M5" "region")		2	Yes
	IDC("/V9/MINUS")		104u
	GAIN		27.63	No
	BW		6.937M	Yes
	DC_GAIN		27.63
Design parameters: 
	Gain_Boosted_Cascode/pmis_5OTA_Optimized/schematic/M2  l		700n
	Gain_Boosted_Cascode/pmis_5OTA_Optimized/schematic/M2  w		81u
	Gain_Boosted_Cascode/pmis_5OTA_Optimized/schematic/M2  m		6
	Gain_Boosted_Cascode/pmis_5OTA_Optimized/schematic/M1  l		700n
	Gain_Boosted_Cascode/pmis_5OTA_Optimized/schematic/M1  w		81u
	Gain_Boosted_Cascode/pmis_5OTA_Optimized/schematic/M1  m		6
	Gain_Boosted_Cascode/pmis_5OTA_Optimized/schematic/M5  l		1.45u
	Gain_Boosted_Cascode/pmis_5OTA_Optimized/schematic/M5  w		21u
	Gain_Boosted_Cascode/pmis_5OTA_Optimized/schematic/M5  m		6
	Gain_Boosted_Cascode/pmis_5OTA_Optimized/schematic/M4  l		1.45u
	Gain_Boosted_Cascode/pmis_5OTA_Optimized/schematic/M4  w		21u
	Gain_Boosted_Cascode/pmis_5OTA_Optimized/schematic/M4  m		6
	Gain_Boosted_Cascode/pmis_5OTA_Optimized/schematic/V12  vdc		770m
	Gain_Boosted_Cascode/pmis_5OTA_Optimized/schematic/V11  vdc		370m
	Gain_Boosted_Cascode/pmis_5OTA_Optimized/schematic/M0  l		1.45u
	Gain_Boosted_Cascode/pmis_5OTA_Optimized/schematic/M0  m		9
	Gain_Boosted_Cascode/pmis_5OTA_Optimized/schematic/M0  w		56u

Best design point: 799
Design specs: 
	Gain_Boosted_Cascode:pmis_5OTA_Optimized:1	corner	Nominal - 
	gainBwProd((VF("/VOUT+") - VF("/VOUT-")))		169.3M
	unityGainFreq((VF("/VOUT+") - VF("/VOUT-")))		174.8M
	OP("/M0" "region")		2	Yes
	OP("/M1" "region")		2	Yes
	OP("/M2" "region")		2	Yes
	OP("/M4" "region")		2	Yes
	OP("/M5" "region")		2	Yes
	IDC("/V9/MINUS")		104u
	GAIN		27.75	No
	BW		6.918M	Yes
	DC_GAIN		27.75
Design parameters: 
	Gain_Boosted_Cascode/pmis_5OTA_Optimized/schematic/M2  l		700n
	Gain_Boosted_Cascode/pmis_5OTA_Optimized/schematic/M2  w		91u
	Gain_Boosted_Cascode/pmis_5OTA_Optimized/schematic/M2  m		4
	Gain_Boosted_Cascode/pmis_5OTA_Optimized/schematic/M1  l		700n
	Gain_Boosted_Cascode/pmis_5OTA_Optimized/schematic/M1  w		91u
	Gain_Boosted_Cascode/pmis_5OTA_Optimized/schematic/M1  m		4
	Gain_Boosted_Cascode/pmis_5OTA_Optimized/schematic/M5  l		1.45u
	Gain_Boosted_Cascode/pmis_5OTA_Optimized/schematic/M5  w		21u
	Gain_Boosted_Cascode/pmis_5OTA_Optimized/schematic/M5  m		10
	Gain_Boosted_Cascode/pmis_5OTA_Optimized/schematic/M4  l		1.45u
	Gain_Boosted_Cascode/pmis_5OTA_Optimized/schematic/M4  w		21u
	Gain_Boosted_Cascode/pmis_5OTA_Optimized/schematic/M4  m		10
	Gain_Boosted_Cascode/pmis_5OTA_Optimized/schematic/V12  vdc		770m
	Gain_Boosted_Cascode/pmis_5OTA_Optimized/schematic/V11  vdc		370m
	Gain_Boosted_Cascode/pmis_5OTA_Optimized/schematic/M0  l		1.45u
	Gain_Boosted_Cascode/pmis_5OTA_Optimized/schematic/M0  m		7
	Gain_Boosted_Cascode/pmis_5OTA_Optimized/schematic/M0  w		56u

Best design point: 1356
Design specs: 
	Gain_Boosted_Cascode:pmis_5OTA_Optimized:1	corner	Nominal - 
	gainBwProd((VF("/VOUT+") - VF("/VOUT-")))		163.6M
	unityGainFreq((VF("/VOUT+") - VF("/VOUT-")))		169.6M
	OP("/M0" "region")		2	Yes
	OP("/M1" "region")		2	Yes
	OP("/M2" "region")		2	Yes
	OP("/M4" "region")		2	Yes
	OP("/M5" "region")		2	Yes
	IDC("/V9/MINUS")		104u
	GAIN		27.8	No
	BW		6.649M	Yes
	DC_GAIN		27.8
Design parameters: 
	Gain_Boosted_Cascode/pmis_5OTA_Optimized/schematic/M2  l		850n
	Gain_Boosted_Cascode/pmis_5OTA_Optimized/schematic/M2  w		96u
	Gain_Boosted_Cascode/pmis_5OTA_Optimized/schematic/M2  m		5
	Gain_Boosted_Cascode/pmis_5OTA_Optimized/schematic/M1  l		850n
	Gain_Boosted_Cascode/pmis_5OTA_Optimized/schematic/M1  w		96u
	Gain_Boosted_Cascode/pmis_5OTA_Optimized/schematic/M1  m		5
	Gain_Boosted_Cascode/pmis_5OTA_Optimized/schematic/M5  l		1.45u
	Gain_Boosted_Cascode/pmis_5OTA_Optimized/schematic/M5  w		21u
	Gain_Boosted_Cascode/pmis_5OTA_Optimized/schematic/M5  m		10
	Gain_Boosted_Cascode/pmis_5OTA_Optimized/schematic/M4  l		1.45u
	Gain_Boosted_Cascode/pmis_5OTA_Optimized/schematic/M4  w		21u
	Gain_Boosted_Cascode/pmis_5OTA_Optimized/schematic/M4  m		10
	Gain_Boosted_Cascode/pmis_5OTA_Optimized/schematic/V12  vdc		770m
	Gain_Boosted_Cascode/pmis_5OTA_Optimized/schematic/V11  vdc		370m
	Gain_Boosted_Cascode/pmis_5OTA_Optimized/schematic/M0  l		1.45u
	Gain_Boosted_Cascode/pmis_5OTA_Optimized/schematic/M0  m		2
	Gain_Boosted_Cascode/pmis_5OTA_Optimized/schematic/M0  w		56u

Received stop signal from user. 
GlobalOpt.0 completed. 
Current time: Wed Dec  4 18:14:54 2024 
