Starting Global Optimization...

Current time: Wed Dec  4 18:27:12 2024 
Best design point: 1
Design specs: 
	Gain_Boosted_Cascode:pmis_5OTA_Optimized:1	corner	Nominal - 
	gainBwProd((VF("/VOUT+") - VF("/VOUT-")))		490.2k
	unityGainFreq((VF("/VOUT+") - VF("/VOUT-")))		Error	No
	OP("/M0" "region")		2	Yes
	OP("/M1" "region")		3	No
	OP("/M2" "region")		3	No
	OP("/M4" "region")		1	No
	OP("/M5" "region")		1	No
	IDC("/V9/MINUS")		5.926u
	GAIN		-38.22	No
	BW		39.79M	Yes
	DC_GAIN		-38.22
Design parameters: 
	Gain_Boosted_Cascode/pmis_5OTA_Optimized/schematic/M2  l		600n
	Gain_Boosted_Cascode/pmis_5OTA_Optimized/schematic/M2  w		120u
	Gain_Boosted_Cascode/pmis_5OTA_Optimized/schematic/M2  m		8
	Gain_Boosted_Cascode/pmis_5OTA_Optimized/schematic/M1  l		600n
	Gain_Boosted_Cascode/pmis_5OTA_Optimized/schematic/M1  w		120u
	Gain_Boosted_Cascode/pmis_5OTA_Optimized/schematic/M1  m		8
	Gain_Boosted_Cascode/pmis_5OTA_Optimized/schematic/M5  l		2.65u
	Gain_Boosted_Cascode/pmis_5OTA_Optimized/schematic/M5  w		78u
	Gain_Boosted_Cascode/pmis_5OTA_Optimized/schematic/M5  m		10
	Gain_Boosted_Cascode/pmis_5OTA_Optimized/schematic/M4  l		2.65u
	Gain_Boosted_Cascode/pmis_5OTA_Optimized/schematic/M4  w		78u
	Gain_Boosted_Cascode/pmis_5OTA_Optimized/schematic/M4  m		10
	Gain_Boosted_Cascode/pmis_5OTA_Optimized/schematic/V12  vdc		900m
	Gain_Boosted_Cascode/pmis_5OTA_Optimized/schematic/V11  vdc		330m
	Gain_Boosted_Cascode/pmis_5OTA_Optimized/schematic/M0  l		3.1u
	Gain_Boosted_Cascode/pmis_5OTA_Optimized/schematic/M0  m		13
	Gain_Boosted_Cascode/pmis_5OTA_Optimized/schematic/M0  w		50u

Best design point: 3
Design specs: 
	Gain_Boosted_Cascode:pmis_5OTA_Optimized:1	corner	Nominal - 
	gainBwProd((VF("/VOUT+") - VF("/VOUT-")))		2.947M
	unityGainFreq((VF("/VOUT+") - VF("/VOUT-")))		Error	No
	OP("/M0" "region")		2	Yes
	OP("/M1" "region")		3	No
	OP("/M2" "region")		3	No
	OP("/M4" "region")		1	No
	OP("/M5" "region")		1	No
	IDC("/V9/MINUS")		23.37u
	GAIN		-30.74	No
	BW		101.2M	Yes
	DC_GAIN		-30.74
Design parameters: 
	Gain_Boosted_Cascode/pmis_5OTA_Optimized/schematic/M2  l		600n
	Gain_Boosted_Cascode/pmis_5OTA_Optimized/schematic/M2  w		140u
	Gain_Boosted_Cascode/pmis_5OTA_Optimized/schematic/M2  m		4
	Gain_Boosted_Cascode/pmis_5OTA_Optimized/schematic/M1  l		600n
	Gain_Boosted_Cascode/pmis_5OTA_Optimized/schematic/M1  w		140u
	Gain_Boosted_Cascode/pmis_5OTA_Optimized/schematic/M1  m		4
	Gain_Boosted_Cascode/pmis_5OTA_Optimized/schematic/M5  l		1.9u
	Gain_Boosted_Cascode/pmis_5OTA_Optimized/schematic/M5  w		58u
	Gain_Boosted_Cascode/pmis_5OTA_Optimized/schematic/M5  m		14
	Gain_Boosted_Cascode/pmis_5OTA_Optimized/schematic/M4  l		1.9u
	Gain_Boosted_Cascode/pmis_5OTA_Optimized/schematic/M4  w		58u
	Gain_Boosted_Cascode/pmis_5OTA_Optimized/schematic/M4  m		14
	Gain_Boosted_Cascode/pmis_5OTA_Optimized/schematic/V12  vdc		840m
	Gain_Boosted_Cascode/pmis_5OTA_Optimized/schematic/V11  vdc		370m
	Gain_Boosted_Cascode/pmis_5OTA_Optimized/schematic/M0  l		3.4u
	Gain_Boosted_Cascode/pmis_5OTA_Optimized/schematic/M0  m		6
	Gain_Boosted_Cascode/pmis_5OTA_Optimized/schematic/M0  w		75u

Best design point: 5
Design specs: 
	Gain_Boosted_Cascode:pmis_5OTA_Optimized:1	corner	Nominal - 
	gainBwProd((VF("/VOUT+") - VF("/VOUT-")))		10.27M
	unityGainFreq((VF("/VOUT+") - VF("/VOUT-")))		Error	No
	OP("/M0" "region")		2	Yes
	OP("/M1" "region")		3	No
	OP("/M2" "region")		3	No
	OP("/M4" "region")		1	No
	OP("/M5" "region")		1	No
	IDC("/V9/MINUS")		59.68u
	GAIN		-29.05	No
	BW		290.1M	Yes
	DC_GAIN		-29.05
Design parameters: 
	Gain_Boosted_Cascode/pmis_5OTA_Optimized/schematic/M2  l		600n
	Gain_Boosted_Cascode/pmis_5OTA_Optimized/schematic/M2  w		130u
	Gain_Boosted_Cascode/pmis_5OTA_Optimized/schematic/M2  m		12
	Gain_Boosted_Cascode/pmis_5OTA_Optimized/schematic/M1  l		600n
	Gain_Boosted_Cascode/pmis_5OTA_Optimized/schematic/M1  w		130u
	Gain_Boosted_Cascode/pmis_5OTA_Optimized/schematic/M1  m		12
	Gain_Boosted_Cascode/pmis_5OTA_Optimized/schematic/M5  l		1.3u
	Gain_Boosted_Cascode/pmis_5OTA_Optimized/schematic/M5  w		53u
	Gain_Boosted_Cascode/pmis_5OTA_Optimized/schematic/M5  m		20
	Gain_Boosted_Cascode/pmis_5OTA_Optimized/schematic/M4  l		1.3u
	Gain_Boosted_Cascode/pmis_5OTA_Optimized/schematic/M4  w		53u
	Gain_Boosted_Cascode/pmis_5OTA_Optimized/schematic/M4  m		20
	Gain_Boosted_Cascode/pmis_5OTA_Optimized/schematic/V12  vdc		790m
	Gain_Boosted_Cascode/pmis_5OTA_Optimized/schematic/V11  vdc		420m
	Gain_Boosted_Cascode/pmis_5OTA_Optimized/schematic/M0  l		3.55u
	Gain_Boosted_Cascode/pmis_5OTA_Optimized/schematic/M0  m		15
	Gain_Boosted_Cascode/pmis_5OTA_Optimized/schematic/M0  w		100u

Best design point: 7
Design specs: 
	Gain_Boosted_Cascode:pmis_5OTA_Optimized:1	corner	Nominal - 
	gainBwProd((VF("/VOUT+") - VF("/VOUT-")))		13.22M
	unityGainFreq((VF("/VOUT+") - VF("/VOUT-")))		Error	No
	OP("/M0" "region")		2	Yes
	OP("/M1" "region")		3	No
	OP("/M2" "region")		3	No
	OP("/M4" "region")		1	No
	OP("/M5" "region")		1	No
	IDC("/V9/MINUS")		74.51u
	GAIN		-18.91	No
	BW		116.3M	Yes
	DC_GAIN		-18.91
Design parameters: 
	Gain_Boosted_Cascode/pmis_5OTA_Optimized/schematic/M2  l		600n
	Gain_Boosted_Cascode/pmis_5OTA_Optimized/schematic/M2  w		150u
	Gain_Boosted_Cascode/pmis_5OTA_Optimized/schematic/M2  m		7
	Gain_Boosted_Cascode/pmis_5OTA_Optimized/schematic/M1  l		600n
	Gain_Boosted_Cascode/pmis_5OTA_Optimized/schematic/M1  w		150u
	Gain_Boosted_Cascode/pmis_5OTA_Optimized/schematic/M1  m		7
	Gain_Boosted_Cascode/pmis_5OTA_Optimized/schematic/M5  l		2.5u
	Gain_Boosted_Cascode/pmis_5OTA_Optimized/schematic/M5  w		23u
	Gain_Boosted_Cascode/pmis_5OTA_Optimized/schematic/M5  m		11
	Gain_Boosted_Cascode/pmis_5OTA_Optimized/schematic/M4  l		2.5u
	Gain_Boosted_Cascode/pmis_5OTA_Optimized/schematic/M4  w		23u
	Gain_Boosted_Cascode/pmis_5OTA_Optimized/schematic/M4  m		11
	Gain_Boosted_Cascode/pmis_5OTA_Optimized/schematic/V12  vdc		780m
	Gain_Boosted_Cascode/pmis_5OTA_Optimized/schematic/V11  vdc		490m
	Gain_Boosted_Cascode/pmis_5OTA_Optimized/schematic/M0  l		3.85u
	Gain_Boosted_Cascode/pmis_5OTA_Optimized/schematic/M0  m		8
	Gain_Boosted_Cascode/pmis_5OTA_Optimized/schematic/M0  w		120u

Received stop signal from user. 
GlobalOpt.2 completed. 
Current time: Wed Dec  4 18:28:49 2024 
