Starting Single Run, Sweeps and Corners...

Current time: Mon Dec  9 09:35:15 2024 
Best design point: 1
Design specs: 
	Gain_Boosted_Cascode:pmis_5OTA_Optimized:1	corner	Nominal - 
	ymax(dB20((VF("/VOUT+") - VF("/VOUT-"))))		38.99
	bandwidth((VF("/VOUT+") - VF("/VOUT-")) 3 "low")		4.925M
Design parameters: 
	W		5u
	LP		2.2u
	LN		5u
	W_SOURCE		44.5u
	VB_BUF		500m
	WIN_BUF		675n
	WS_BUF		650n
	LIN_BUF		100n
	LS_BUF		1u

Interactive.42
Number of points completed: 1
Number of simulation errors: 0
Interactive.42 completed. 
Current time: Mon Dec  9 09:35:25 2024 
