Starting Single Run, Sweeps and Corners...

Current time: Wed Dec  4 14:16:52 2024 
Best design point: 1
Design specs: 
	Gain_Boosted_Cascode:pmis_5OTA_Optimized:1	corner	Nominal - 
	gainBwProd((VF("/VOUT+") - VF("/VOUT-")))		17.56M
	unityGainFreq((VF("/VOUT+") - VF("/VOUT-")))		15.25M
	OP("/M0" "region")		2	Yes
	OP("/M1" "region")		2	Yes
	OP("/M2" "region")		2	Yes
	OP("/M4" "region")		2	Yes
	OP("/M5" "region")		2	Yes
	IDC("/V9/MINUS")		30.32u
	GAIN		6.143	No
	BW		8.636M	Yes
	DC_GAIN		6.143
Design parameters: 

Interactive.9
Number of points completed: 1
Number of simulation errors: 0
Interactive.9 completed. 
Current time: Wed Dec  4 14:16:57 2024 
