Starting Single Run, Sweeps and Corners...

Current time: Wed Dec  4 14:13:46 2024 
Best design point: 1
Design specs: 
	Gain_Boosted_Cascode:pmis_5OTA_Optimized:1	corner	Nominal - 
	value(dB20((VF("/VOUT+") - VF("/VOUT-"))) 2)		6.143
	gainBwProd((VF("/VOUT+") - VF("/VOUT-")))		17.56M
	unityGainFreq((VF("/VOUT+") - VF("/VOUT-")))		15.25M
	OP("/M0" "region")		2
	OP("/M1" "region")		2
	OP("/M2" "region")		2
	OP("/M4" "region")		2
	OP("/M5" "region")		2
	IDC("/V9/MINUS")		30.32u
	ymax(dB20((VF("/VOUT+") - VF("/VOUT-"))))		6.143
	bandwidth((VF("/VOUT+") - VF("/VOUT-")) 3 "low")		8.636M
Design parameters: 

Interactive.8
Number of points completed: 1
Number of simulation errors: 0
Interactive.8 completed. 
Current time: Wed Dec  4 14:13:51 2024 
