Starting Single Run, Sweeps and Corners...

Current time: Mon Dec  9 09:42:14 2024 
Best design point: 1
Design specs: 
	Gain_Boosted_Cascode:pmis_5OTA_Optimized:1	corner	Nominal - 
	ymax(dB20((VF("/VOUT+") - VF("/VOUT-"))))		39.22
	bandwidth((VF("/VOUT+") - VF("/VOUT-")) 3 "low")		2.269M
Design parameters: 
	W		5u
	LP		2.5u
	LN		5u
	W_SOURCE		44.5u
	VB_BUF		500m
	WIN_BUF		1.013u
	WS_BUF		975n
	LIN_BUF		100n
	LS_BUF		1u
	CL		10p

Interactive.46
Number of points completed: 1
Number of simulation errors: 0
Interactive.46 completed. 
Current time: Mon Dec  9 09:42:24 2024 
