Starting Local Optimization...

Current time: Wed Dec  4 15:40:52 2024 
Best design point: 1
Design specs: 
	Gain_Boosted_Cascode:pmis_5OTA_Optimized:1	corner	Nominal - 
	gainBwProd((VF("/VOUT+") - VF("/VOUT-")))		116.5M
	unityGainFreq((VF("/VOUT+") - VF("/VOUT-")))		114.8M
	OP("/M0" "region")		2	Yes
	OP("/M1" "region")		2	Yes
	OP("/M2" "region")		2	Yes
	OP("/M4" "region")		2	Yes
	OP("/M5" "region")		2	Yes
	IDC("/V9/MINUS")		177.1u
	GAIN		12.02	Yes
	BW		29.12M	Yes
	DC_GAIN		12.02
Design parameters: 
	Gain_Boosted_Cascode/pmis_5OTA_Optimized/schematic/M2  l		100n
	Gain_Boosted_Cascode/pmis_5OTA_Optimized/schematic/M2  w		1u
	Gain_Boosted_Cascode/pmis_5OTA_Optimized/schematic/M2  m		2
	Gain_Boosted_Cascode/pmis_5OTA_Optimized/schematic/M1  l		100n
	Gain_Boosted_Cascode/pmis_5OTA_Optimized/schematic/M1  w		1u
	Gain_Boosted_Cascode/pmis_5OTA_Optimized/schematic/M1  m		2
	Gain_Boosted_Cascode/pmis_5OTA_Optimized/schematic/M5  l		100n
	Gain_Boosted_Cascode/pmis_5OTA_Optimized/schematic/M5  w		1u
	Gain_Boosted_Cascode/pmis_5OTA_Optimized/schematic/M5  m		2
	Gain_Boosted_Cascode/pmis_5OTA_Optimized/schematic/M4  l		100n
	Gain_Boosted_Cascode/pmis_5OTA_Optimized/schematic/M4  w		1u
	Gain_Boosted_Cascode/pmis_5OTA_Optimized/schematic/M4  m		2
	Gain_Boosted_Cascode/pmis_5OTA_Optimized/schematic/V12  vdc		500m
	Gain_Boosted_Cascode/pmis_5OTA_Optimized/schematic/V11  vdc		500m
	Gain_Boosted_Cascode/pmis_5OTA_Optimized/schematic/M0  l		100n
	Gain_Boosted_Cascode/pmis_5OTA_Optimized/schematic/M0  m		2
	Gain_Boosted_Cascode/pmis_5OTA_Optimized/schematic/M0  w		1u

LocalOpt.3 stopped because the following criterion has been satisfied:  All Specs Met (0 additional points).
Number of points completed: 1
Number of simulation errors: 0
LocalOpt.3 completed. 
Current time: Wed Dec  4 15:41:15 2024 
