\o Program:		@(#)$CDS: libManager version 6.1.7 - CAT35 10/18/2015 00:06 (sjfnl678) $
\o Sub version:		sub-version  p009 
\o Arguments:		-mpssession virtuoso1585 -mpshost berkeley 
\o Working Directory:	berkeley:/home/cadence/IC_PROJECT
\o 64-bit offsets
\o changeWorkingDir("/home/cadence/IC_PROJECT") unnecessary.
\o ddSetForcedLib("") unnecessary.
\a nrSetWindowVisibility(cdsLibManager "show")
\o MPS service: map window
\o Library Manager customization server connected.
\a nrSetCurrentWindow(cdsLibManager)
\a nrResizeWindow(cdsLibManager list(963 36 941 1008))
\o Qt version: 		4.8.5
\o Log file is "/home/cadence/IC_PROJECT/libManager.log".
\o Opening libManager window.
\a cdsLibManager->libListBox->value = "Gain_Boosted_Cascode"
\a cdsLibManager->libLineEdit->value = "Gain_Boosted_Cascode"
\a cdsLibManager->cellListBox->value = "test_bench"
\a cdsLibManager->cellListBox->value = "pmis_5OTA_Optimized"
\a cdsLibManager->cellListBox->value = nil
\a nrListItemAction(cdsLibManager->cellListBox 1 0)
\a cdsLibManager->cellListBox->value = "pmis_5OTA_Optimized"
\o MPS request: edit design
\a cdsLibManager->cellLineEdit->value = "pmis_5OTA_Optimized"
\a cdsLibManager->libListBox->value = nil
\a cdsLibManager->cellListBox->value = nil
\a cdsLibManager->cellLineEdit->value = ""
\a cdsLibManager->libLineEdit->value = ""
\a cdsLibManager->libListBox->value = "Gain_Boosted_Cascode"
\a cdsLibManager->libLineEdit->value = "Gain_Boosted_Cascode"
\a cdsLibManager->cellListBox->value = "pmis_5OTA_Optimized"
\a cdsLibManager->cellLineEdit->value = "pmis_5OTA_Optimized"
\a nrSetCurrentWindow(cdsLibManager)
\a nrResizeWindow(cdsLibManager list(1283 36 621 1008))
\a nrResizeWindow(cdsLibManager list(963 36 941 1008))
\a nrSetCurrentWindow(cdsLibManager)
\a nrResizeWindow(cdsLibManager list(480 148 956 784))
\a cdsLibManager->libListBox->value = nil
\a cdsLibManager->cellListBox->value = nil
\a cdsLibManager->cellLineEdit->value = ""
\a cdsLibManager->libLineEdit->value = ""
\a cdsLibManager->libListBox->value = "Gain_Boosted_Cascode"
\a cdsLibManager->libLineEdit->value = "Gain_Boosted_Cascode"
\a cdsLibManager->cellListBox->value = "pmis_5OTA_Optimized"
\a cdsLibManager->cellLineEdit->value = "pmis_5OTA_Optimized"
\a cdsLibManager->libListBox->value = nil
\a cdsLibManager->cellListBox->value = nil
\a cdsLibManager->cellLineEdit->value = ""
\a cdsLibManager->libLineEdit->value = ""
\a cdsLibManager->libListBox->value = "Gain_Boosted_Cascode"
\a cdsLibManager->libLineEdit->value = "Gain_Boosted_Cascode"
\a cdsLibManager->cellListBox->value = "pmis_5OTA_Optimized"
\a cdsLibManager->cellLineEdit->value = "pmis_5OTA_Optimized"
\a cdsLibManager->libListBox->value = nil
\a cdsLibManager->cellListBox->value = nil
\a cdsLibManager->cellLineEdit->value = ""
\a cdsLibManager->libLineEdit->value = ""
\a cdsLibManager->libListBox->value = "Gain_Boosted_Cascode"
\a cdsLibManager->libLineEdit->value = "Gain_Boosted_Cascode"
\a cdsLibManager->cellListBox->value = "pmis_5OTA_Optimized"
\a cdsLibManager->cellLineEdit->value = "pmis_5OTA_Optimized"
\a cdsLibManager->libListBox->value = nil
\a cdsLibManager->cellListBox->value = nil
\a cdsLibManager->cellLineEdit->value = ""
\a cdsLibManager->libLineEdit->value = ""
\a cdsLibManager->libListBox->value = "Gain_Boosted_Cascode"
\a cdsLibManager->libLineEdit->value = "Gain_Boosted_Cascode"
\a cdsLibManager->cellListBox->value = "pmis_5OTA_Optimized"
\a cdsLibManager->cellLineEdit->value = "pmis_5OTA_Optimized"
\a cdsLibManager->libListBox->value = nil
\a cdsLibManager->cellListBox->value = nil
\a cdsLibManager->cellLineEdit->value = ""
\a cdsLibManager->libLineEdit->value = ""
\a cdsLibManager->libListBox->value = "Gain_Boosted_Cascode"
\a cdsLibManager->libLineEdit->value = "Gain_Boosted_Cascode"
\a cdsLibManager->cellListBox->value = "pmis_5OTA_Optimized"
\a cdsLibManager->cellLineEdit->value = "pmis_5OTA_Optimized"
\a cdsLibManager->libListBox->value = nil
\a cdsLibManager->cellListBox->value = nil
\a cdsLibManager->cellLineEdit->value = ""
\a cdsLibManager->libLineEdit->value = ""
\a cdsLibManager->libListBox->value = "Gain_Boosted_Cascode"
\a cdsLibManager->libLineEdit->value = "Gain_Boosted_Cascode"
\a cdsLibManager->cellListBox->value = "pmis_5OTA_Optimized"
\a cdsLibManager->cellLineEdit->value = "pmis_5OTA_Optimized"
\a cdsLibManager->libListBox->value = nil
\a cdsLibManager->cellListBox->value = nil
\a cdsLibManager->cellLineEdit->value = ""
\a cdsLibManager->libLineEdit->value = ""
\a cdsLibManager->libListBox->value = "Gain_Boosted_Cascode"
\a cdsLibManager->libLineEdit->value = "Gain_Boosted_Cascode"
\a cdsLibManager->cellListBox->value = "pmis_5OTA_Optimized"
\a cdsLibManager->cellLineEdit->value = "pmis_5OTA_Optimized"
\a nrSetCurrentWindow(cdsLibManager)
\a nrSetCurrentWindow(cdsLibManager)
\a cdsLibManager->libListBox->value = nil
\a cdsLibManager->cellListBox->value = nil
\a cdsLibManager->cellLineEdit->value = ""
\a cdsLibManager->libLineEdit->value = ""
\a cdsLibManager->libListBox->value = "Gain_Boosted_Cascode"
\a cdsLibManager->libLineEdit->value = "Gain_Boosted_Cascode"
\a cdsLibManager->cellListBox->value = "pmis_5OTA_Optimized"
\a cdsLibManager->cellLineEdit->value = "pmis_5OTA_Optimized"
\a nrSetCurrentWindow(cdsLibManager)
\a nrSetCurrentWindow(cdsLibManager)
