*Info*    Exporting services from client ... 

*Info*    Client has finished starting ... 



*Info*    Configuring the session ...

	Library      = Gain_Boosted_Cascode
	Cell         = pmis_5OTA_Optimized
	View         = schematic
	Simulator    = spectre
	State Path   = $AXL_SETUPDB_DIR/test_states
	State Name   = Gain_Boosted_Cascode:pmis_5OTA_Optimized:1_none_Interactive.2
	Results DB   = /home/cadence/my_new_project/EECE2026_IC_Project_3rd_year/Gain_Boosted_Cascode/pmis_5OTA_Optimized/adexl/results/data/Interactive.2.rdb
	Results Dir  = /home/cadence/simulation/Gain_Boosted_Cascode/pmis_5OTA_Optimized/adexl/results/data/Interactive.2/1/Gain_Boosted_Cascode:pmis_5OTA_Optimized:1
	Results Loc  = /home/cadence/simulation/Gain_Boosted_Cascode/pmis_5OTA_Optimized/adexl/results/data
	Project Dir  = /home/cadence/simulation
	Setup DB loc = /home/cadence/my_new_project/EECE2026_IC_Project_3rd_year/Gain_Boosted_Cascode/pmis_5OTA_Optimized/adexl
	File Encoding = 0


*Info*    Spectre controlMode is set "batch".






*Info*    Run start for Point ID (2 1) on testbench [
          Gain_Boosted_Cascode:pmis_5OTA_Optimized:1 ].

Resetting statistical vars

*Info*    Setting parameter values ...

Setting temp(T) = 27

*Info*    Netlist Directory =
          /home/cadence/simulation/Gain_Boosted_Cascode/pmis_5OTA_Optimized/adexl/results/data/Interactive.2/1/Gain_Boosted_Cascode:pmis_5OTA_Optimized:1/netlist


*Info*    Data Directory    =
          /home/cadence/simulation/Gain_Boosted_Cascode/pmis_5OTA_Optimized/adexl/results/data/Interactive.2/1/Gain_Boosted_Cascode:pmis_5OTA_Optimized:1


*Info*    Creating Netlist for Point ID (2 1)

generate netlist...
Begin Incremental Netlisting Dec  4 13:56:53 2024
End netlisting Dec  4 13:56:53 2024

Netlisting Statistics:
	Number of components:   15

	Elapsed time:          0.0s
Errors: 0	Warnings: 0
      ...successful.
compose simulator input file...
      ...successful.

*Info*    Running simulation on testbench [
          Gain_Boosted_Cascode:pmis_5OTA_Optimized:1 ] for Point ID
          (2 1).

Delete psf data in /home/cadence/simulation/Gain_Boosted_Cascode/pmis_5OTA_Optimized/adexl/results/data/Interactive.2/1/Gain_Boosted_Cascode:pmis_5OTA_Optimized:1/psf.
compose simulator input file...
      ...successful.
start simulator if needed...
      ...successful.
simulate...
To view the simulator output, right-click on the test name, result 
name, or any value in the "Results" tab of the Outputs section and 
choose "Output Log" menu option.
INFO (ADE-3067): Errors encountered during simulation. For more information, right-click
        on a test name in the 'Results' tab of the Outputs pane and choose 'Output Log'
        to view the simulation run log.
reading simulation data...
      ...successful.

*Error*   Error ID  = 5011
*Error*   Error Msg = Simulator failed to complete the simulation.

          Error found by spectre during DC analysis `dcOp'.
Error
          found by spectre during DC analysis `dcOp'.
ERROR
          (SPECTRE-16385): There were 8 attempts to find the DC
          solution. In some of those attempts, a signal exceeded the
          blowup limit of its quantity. T
he last signal that failed
          is I(V9:p) = 1.80144 GA, for which the quantity is `I' and
          the blowup limit is (1 GA). It is possible that the circuit
          has 
no DC solution. If you really want signals this large,
          set the `blowup' parameter of this quantity to a larger
          value.
ERROR (SPECTRE-16080): No DC solution found (no
          convergence).  
Error found by spectre during DC analysis,
          during info `dcOpInfo'.
Error found by spectre during DC
          analysis, during info `dcOpInfo'.
ERROR (SPECTRE-16041):
          Analysis was skipped due to inability to compute operating
          point.
Error found by spectre during DC analysis, during AC
          analysis `ac'.
Error found by spectre during DC analysis,
          during AC analysis `ac'.
ERROR (SPECTRE-16041): Analysis
          was skipped due to inability to compute operating point.





*Info*    Client has finished evaluating ... 


*Info*    Run complete for Point ID (2 1) on testbench [
          Gain_Boosted_Cascode:pmis_5OTA_Optimized:1 ].





