*Info*    Exporting services from client ... 

*Info*    Client has finished starting ... 



*Info*    Configuring the session ...

	Library      = Gain_Boosted_Cascode
	Cell         = Gain_Boosted_Cascode_Actual
	View         = schematic
	Simulator    = spectre
	State Path   = $AXL_SETUPDB_DIR/test_states
	State Name   = Gain_Boosted_Cascode:Gain_Boosted_Cascode_Actual:1_none_Interactive.139
	Results DB   = /home/cadence/IC_PROJECT/Gain_Boosted_Cascode/Gain_Boosted_OTA_behavior/adexl/results/data/Interactive.139.rdb
	Results Dir  = /home/cadence/simulation/Gain_Boosted_Cascode/Gain_Boosted_OTA_behavior/adexl/results/data/Interactive.139/1/Gain_Boosted_Cascode:Gain_Boosted_Cascode_Actual:1
	Results Loc  = /home/cadence/simulation/Gain_Boosted_Cascode/Gain_Boosted_OTA_behavior/adexl/results/data
	Project Dir  = /home/cadence/simulation
	Setup DB loc = /home/cadence/IC_PROJECT/Gain_Boosted_Cascode/Gain_Boosted_OTA_behavior/adexl
	File Encoding = 0


*Info*    Spectre controlMode is set "batch".






*Info*    Run start for Point ID (10 1) on testbench [
          Gain_Boosted_Cascode:Gain_Boosted_Cascode_Actual:1 ].

Resetting statistical vars

*Info*    Setting parameter values ...

Setting var AUXN_VBN = "300m"
Setting var AUXN_VBP = "600m"
Setting var AUXN_VBUF = "0.7"
Setting var AUXN_VOCM = "600m"
Setting var AUXP_VBN = "520m"
Setting var AUXP_VBP = "900m"
Setting var AUXP_VBUF = "500m"
Setting var AUXP_VOCM = "750m"
Setting var AUX_NMOS_L_BUF_IN = "100n"
Setting var AUX_NMOS_L_BUF_SOURCE = "1u"
Setting var AUX_NMOS_L_IN = "2.57u"
Setting var AUX_NMOS_L_LOAD = "3.77u"
Setting var AUX_NMOS_L_TAIL = "1u"
Setting var AUX_NMOS_W_BUF_IN = "3.15u"
Setting var AUX_NMOS_W_BUF_SOURCE = "1.975u"
Setting var AUX_NMOS_W_IN = "34.35u"
Setting var AUX_NMOS_W_LOAD = "6.96u"
Setting var AUX_NMOS_W_TAIL = "48u"
Setting var AUX_PMOS_LIN_BUF = "100n"
Setting var AUX_PMOS_LSOURCE = "6u"
Setting var AUX_PMOS_LS_BUF = "1u"
Setting var AUX_PMOS_L_IN = "2.2u"
Setting var AUX_PMOS_L_TAIL = "130n"
Setting var AUX_PMOS_WIN_BUF = "1.0125e-6"
Setting var AUX_PMOS_WSOURCE = "5u"
Setting var AUX_PMOS_WS_BUF = "975e-9"
Setting var AUX_PMOS_W_IN = "100u"
Setting var AUX_PMOS_W_TAIL = "44.5u"
Setting var AV_N = "100"
Setting var AV_P = "100"
Setting var L_CASCN = "150n"
Setting var L_CASCP = "80n"
Setting var L_INPUT = "130n"
Setting var L_SOURCEN = "500n"
Setting var L_SOURCEP = "600n"
Setting var VBN = "350m"
Setting var VBP = "734.44m"
Setting var VCASCN = "900m"
Setting var VCASCP = "350m"
Setting var VDD = "1.2"
Setting var VINCM = "500m"
Setting var VOCM = "600m"
Setting var WN_SOURCE = "7.247m"
Setting var W_CASCN = "500u"
Setting var W_CASCP = "800u"
Setting var W_INPUT = "3m"
Setting var W_SOURCEP = "2.32m"
Setting var cgg2 = "1f"
Setting temp(T) = 27

*Info*    Netlist Directory =
          /home/cadence/simulation/Gain_Boosted_Cascode/Gain_Boosted_OTA_behavior/adexl/results/data/Interactive.139/1/Gain_Boosted_Cascode:Gain_Boosted_Cascode_Actual:1/netlist


*Info*    Data Directory    =
          /home/cadence/simulation/Gain_Boosted_Cascode/Gain_Boosted_OTA_behavior/adexl/results/data/Interactive.139/1/Gain_Boosted_Cascode:Gain_Boosted_Cascode_Actual:1


*Info*    Creating Netlist for Point ID (10 1)

generate netlist...
Begin Incremental Netlisting Dec  9 14:46:52 2024
End netlisting Dec  9 14:46:52 2024

	The netlist is up to date.
	Time taken to compare the design with netlist:   0.0s
      ...successful.
compose simulator input file...
      ...successful.

*Info*    Running simulation on testbench [
          Gain_Boosted_Cascode:Gain_Boosted_Cascode_Actual:1 ] for
          Point ID (10 1).

Delete psf data in /home/cadence/simulation/Gain_Boosted_Cascode/Gain_Boosted_OTA_behavior/adexl/results/data/Interactive.139/1/Gain_Boosted_Cascode:Gain_Boosted_Cascode_Actual:1/psf.
compose simulator input file...
      ...successful.
start simulator if needed...
      ...successful.
simulate...
To view the simulator output, right-click on the test name, result 
name, or any value in the "Results" tab of the Outputs section and 
choose "Output Log" menu option.
INFO (ADE-3071): Simulation completed successfully.
reading simulation data...
      ...successful.
*Info*    Client has finished evaluating ... 


*Info*    Run complete for Point ID (10 1) on testbench [
          Gain_Boosted_Cascode:Gain_Boosted_Cascode_Actual:1 ].





Simulation design variables differ from those on the cellView,
they have been saved in the file "/tmp/saved-design-variables".
To save future changes, copy variables to cellView before exiting.
