*Info*    Exporting services from client ... 

*Info*    Client has finished starting ... 



*Info*    Configuring the session ...

	Library      = Gain_Boosted_Cascode
	Cell         = Auxilary_Amp_PMOS_test
	View         = schematic
	Simulator    = spectre
	State Path   = $AXL_SETUPDB_DIR/test_states
	State Name   = Gain_Boosted_Cascode:Auxilary_Amp_PMOS_test:1_none_Interactive.8
	Results DB   = /home/cadence/IC_PROJECT/Gain_Boosted_Cascode/Auxilary_Amp_PMOS_test/adexl/results/data/Interactive.8.rdb
	Results Dir  = /home/cadence/simulation/Gain_Boosted_Cascode/Auxilary_Amp_PMOS_test/adexl/results/data/Interactive.8/1/Gain_Boosted_Cascode:Auxilary_Amp_PMOS_test:1
	Results Loc  = /home/cadence/simulation/Gain_Boosted_Cascode/Auxilary_Amp_PMOS_test/adexl/results/data
	Project Dir  = /home/cadence/simulation
	Setup DB loc = /home/cadence/IC_PROJECT/Gain_Boosted_Cascode/Auxilary_Amp_PMOS_test/adexl
	File Encoding = 0


*Info*    Spectre controlMode is set "batch".






*Info*    Run start for Point ID (8 1) on testbench [
          Gain_Boosted_Cascode:Auxilary_Amp_PMOS_test:1 ].

Resetting statistical vars

*Info*    Setting parameter values ...

Setting var AUX_NMOS_L_BUF_IN = "100n"
Setting var AUX_NMOS_L_BUF_SOURCE = "1u"
Setting var AUX_NMOS_L_IN = "2.57u"
Setting var AUX_NMOS_L_LOAD = "3.77u"
Setting var AUX_NMOS_L_TAIL = "1u"
Setting var AUX_NMOS_W_BUF_IN = "3.15u"
Setting var AUX_NMOS_W_BUF_SOURCE = "1.975u"
Setting var AUX_NMOS_W_IN = "34.35u"
Setting var AUX_NMOS_W_LOAD = "6.96u"
Setting var AUX_NMOS_W_TAIL = "48u"
Setting var AUX_PMOS_LIN_BUF = "100n"
Setting var AUX_PMOS_LSOURCE = "6u"
Setting var AUX_PMOS_LS_BUF = "1u"
Setting var AUX_PMOS_L_IN = "2.2u"
Setting var AUX_PMOS_L_TAIL = "130n"
Setting var AUX_PMOS_WIN_BUF = "1.0125e-6"
Setting var AUX_PMOS_WSOURCE = "2.5e-6"
Setting var AUX_PMOS_WS_BUF = "975e-9"
Setting var AUX_PMOS_W_IN = "50e-6"
Setting var AUX_PMOS_W_TAIL = "22.25e-6"
Setting var VBN = "520m"
Setting var VBP = "900m"
Setting var VB_BUF = "0.5"
Setting var VICM = "800m"
Setting var VOCM = "750m"
Setting temp(T) = 27

*Info*    Netlist Directory =
          /home/cadence/simulation/Gain_Boosted_Cascode/Auxilary_Amp_PMOS_test/adexl/results/data/Interactive.8/1/Gain_Boosted_Cascode:Auxilary_Amp_PMOS_test:1/netlist


*Info*    Data Directory    =
          /home/cadence/simulation/Gain_Boosted_Cascode/Auxilary_Amp_PMOS_test/adexl/results/data/Interactive.8/1/Gain_Boosted_Cascode:Auxilary_Amp_PMOS_test:1


*Info*    Creating Netlist for Point ID (8 1)

generate netlist...
Begin Incremental Netlisting Dec  9 15:12:58 2024
End netlisting Dec  9 15:12:59 2024

	The netlist is up to date.
	Time taken to compare the design with netlist:   1.0s
      ...successful.
compose simulator input file...
      ...successful.

*Info*    Running simulation on testbench [
          Gain_Boosted_Cascode:Auxilary_Amp_PMOS_test:1 ] for Point
          ID (8 1).

Delete psf data in /home/cadence/simulation/Gain_Boosted_Cascode/Auxilary_Amp_PMOS_test/adexl/results/data/Interactive.8/1/Gain_Boosted_Cascode:Auxilary_Amp_PMOS_test:1/psf.
compose simulator input file...
      ...successful.
start simulator if needed...
      ...successful.
simulate...
To view the simulator output, right-click on the test name, result 
name, or any value in the "Results" tab of the Outputs section and 
choose "Output Log" menu option.
INFO (ADE-3071): Simulation completed successfully.
reading simulation data...
      ...successful.
*Info*    Client has finished evaluating ... 


*Info*    Run complete for Point ID (8 1) on testbench [
          Gain_Boosted_Cascode:Auxilary_Amp_PMOS_test:1 ].





Simulation design variables differ from those on the cellView,
they have been saved in the file "/tmp/saved-design-variables".
To save future changes, copy variables to cellView before exiting.
