*Info*    Exporting services from client ... 

*Info*    Client has finished starting ... 



*Info*    Configuring the session ...

	Library      = Gain_Boosted_Cascode
	Cell         = pmis_5OTA_Optimized
	View         = schematic
	Simulator    = spectre
	State Path   = $AXL_SETUPDB_DIR/test_states
	State Name   = Gain_Boosted_Cascode:pmis_5OTA_Optimized:1_none_Interactive.30
	Results DB   = /home/cadence/IC_PROJECT/Gain_Boosted_Cascode/pmis_5OTA_Optimized/adexl/results/data/Interactive.30.rdb
	Results Dir  = /home/cadence/simulation/Gain_Boosted_Cascode/pmis_5OTA_Optimized/adexl/results/data/Interactive.30/1/Gain_Boosted_Cascode:pmis_5OTA_Optimized:1
	Results Loc  = /home/cadence/simulation/Gain_Boosted_Cascode/pmis_5OTA_Optimized/adexl/results/data
	Project Dir  = /home/cadence/simulation
	Setup DB loc = /home/cadence/IC_PROJECT/Gain_Boosted_Cascode/pmis_5OTA_Optimized/adexl
	File Encoding = 0


*Info*    Spectre controlMode is set "batch".






*Info*    Run start for Point ID (14 1) on testbench [
          Gain_Boosted_Cascode:pmis_5OTA_Optimized:1 ].

Resetting statistical vars

*Info*    Setting parameter values ...

Setting temp(T) = 27

*Info*    Netlist Directory =
          /home/cadence/simulation/Gain_Boosted_Cascode/pmis_5OTA_Optimized/adexl/results/data/Interactive.30/1/Gain_Boosted_Cascode:pmis_5OTA_Optimized:1/netlist


*Info*    Data Directory    =
          /home/cadence/simulation/Gain_Boosted_Cascode/pmis_5OTA_Optimized/adexl/results/data/Interactive.30/1/Gain_Boosted_Cascode:pmis_5OTA_Optimized:1


*Info*    Creating Netlist for Point ID (14 1)

generate netlist...
Begin Incremental Netlisting Dec  9 09:00:40 2024
End netlisting Dec  9 09:00:40 2024

Netlisting Statistics:
	Number of components:   13

	Elapsed time:          0.0s
Errors: 0	Warnings: 0
      ...successful.
compose simulator input file...
      ...successful.

*Info*    Running simulation on testbench [
          Gain_Boosted_Cascode:pmis_5OTA_Optimized:1 ] for Point ID
          (14 1).

Delete psf data in /home/cadence/simulation/Gain_Boosted_Cascode/pmis_5OTA_Optimized/adexl/results/data/Interactive.30/1/Gain_Boosted_Cascode:pmis_5OTA_Optimized:1/psf.
compose simulator input file...
      ...successful.
start simulator if needed...
      ...successful.
simulate...
To view the simulator output, right-click on the test name, result 
name, or any value in the "Results" tab of the Outputs section and 
choose "Output Log" menu option.
INFO (ADE-3071): Simulation completed successfully.
reading simulation data...
      ...successful.
*Info*    Client has finished evaluating ... 


*Info*    Run complete for Point ID (14 1) on testbench [
          Gain_Boosted_Cascode:pmis_5OTA_Optimized:1 ].





