*Info*    Exporting services from client ... 

*Info*    Client has finished starting ... 



*Info*    Configuring the session ...

	Library      = Gain_Boosted_Cascode
	Cell         = Gain_Boosted_OTA_behavior
	View         = schematic
	Simulator    = spectre
	State Path   = $AXL_SETUPDB_DIR/test_states
	State Name   = Gain_Boosted_Cascode:Gain_Boosted_OTA_behavior:1_none_Interactive.10
	Results DB   = /home/cadence/IC_PROJECT/Gain_Boosted_Cascode/Gain_Boosted_OTA_behavior/adexl/results/data/Interactive.10.rdb
	Results Dir  = /home/cadence/simulation/Gain_Boosted_Cascode/Gain_Boosted_OTA_behavior/adexl/results/data/Interactive.10/1/Gain_Boosted_Cascode:Gain_Boosted_OTA_behavior:1
	Results Loc  = /home/cadence/simulation/Gain_Boosted_Cascode/Gain_Boosted_OTA_behavior/adexl/results/data
	Project Dir  = /home/cadence/simulation
	Setup DB loc = /home/cadence/IC_PROJECT/Gain_Boosted_Cascode/Gain_Boosted_OTA_behavior/adexl
	File Encoding = 0


*Info*    Spectre controlMode is set "batch".






*Info*    Run start for Point ID (1 1) on testbench [
          Gain_Boosted_Cascode:Gain_Boosted_OTA_behavior:1 ].

Resetting statistical vars

*Info*    Setting parameter values ...

Setting var AV_N = "100"
Setting var AV_P = "100"
Setting var L_CASCN = "100n"
Setting var L_CASCP = "100n"
Setting var L_INPUT = "180n"
Setting var L_SOURCEN = "600n"
Setting var L_SOURCEP = "600n"
Setting var VBN = "350m"
Setting var VBP = "450m"
Setting var VCASCN = "0.5"
Setting var VCASCP = "0.4"
Setting var VDD = "1.2"
Setting var VINCM = "500m"
Setting var VOCM = "650m"
Setting var WN_SOURCE = "7.178m"
Setting var W_CASCN = "966u"
Setting var W_CASCP = "1.420m"
Setting var W_INPUT = "2.405m"
Setting var W_SOURCEP = "2.32m"
Setting temp(T) = 27

*Info*    Netlist Directory =
          /home/cadence/simulation/Gain_Boosted_Cascode/Gain_Boosted_OTA_behavior/adexl/results/data/Interactive.10/1/Gain_Boosted_Cascode:Gain_Boosted_OTA_behavior:1/netlist


*Info*    Data Directory    =
          /home/cadence/simulation/Gain_Boosted_Cascode/Gain_Boosted_OTA_behavior/adexl/results/data/Interactive.10/1/Gain_Boosted_Cascode:Gain_Boosted_OTA_behavior:1


*Info*    Creating Netlist for Point ID (1 1)

generate netlist...
Begin Incremental Netlisting Nov 29 15:41:16 2024
WARNING (OSSHNL-226): There are more design variables used in the current netlisting session as
compared to the last session in the current run directory. The netlist(s)
generated in the last netlisting session cannot be reused for incremental
netlisting. Therefore re-netlisting the design.

End netlisting Nov 29 15:41:16 2024

Netlisting Statistics:
	Number of components:   29

	Elapsed time:          1.0s (29.00/s)
Errors: 0	Warnings: 0
      ...successful.
compose simulator input file...
      ...successful.

*Info*    Running simulation on testbench [
          Gain_Boosted_Cascode:Gain_Boosted_OTA_behavior:1 ] for
          Point ID (1 1).

Delete psf data in /home/cadence/simulation/Gain_Boosted_Cascode/Gain_Boosted_OTA_behavior/adexl/results/data/Interactive.10/1/Gain_Boosted_Cascode:Gain_Boosted_OTA_behavior:1/psf.
compose simulator input file...
      ...successful.
start simulator if needed...
      ...successful.
simulate...
To view the simulator output, right-click on the test name, result 
name, or any value in the "Results" tab of the Outputs section and 
choose "Output Log" menu option.
INFO (ADE-3071): Simulation completed successfully.
reading simulation data...
      ...successful.
*Info*    Client has finished evaluating ... 


*Info*    Run complete for Point ID (1 1) on testbench [
          Gain_Boosted_Cascode:Gain_Boosted_OTA_behavior:1 ].





Simulation design variables differ from those on the cellView,
they have been saved in the file "/tmp/saved-design-variables".
To save future changes, copy variables to cellView before exiting.
