*Info*    Exporting services from client ... 

*Info*    Client has finished starting ... 



*Info*    Configuring the session ...

	Library      = IC___PROLECT
	Cell         = the_circuit
	View         = schematic
	Simulator    = spectre
	State Path   = $AXL_SETUPDB_DIR/test_states
	State Name   = IC___PROLECT:the_circuit:1_none_Interactive.89
	Results DB   = /home/cadence/EECE2026_IC_Project_3rd_year-main/IC___PROLECT/the_circuit/adexl/results/data/Interactive.89.rdb
	Results Dir  = /home/cadence/simulation/IC___PROLECT/the_circuit/adexl/results/data/Interactive.89/1/IC___PROLECT:the_circuit:1
	Results Loc  = /home/cadence/simulation/IC___PROLECT/the_circuit/adexl/results/data
	Project Dir  = /home/cadence/simulation
	Setup DB loc = /home/cadence/EECE2026_IC_Project_3rd_year-main/IC___PROLECT/the_circuit/adexl
	File Encoding = 0


*Info*    Spectre controlMode is set "batch".






*Info*    Run start for Point ID (1 1) on testbench [
          IC___PROLECT:the_circuit:1 ].

Resetting statistical vars

*Info*    Setting parameter values ...

Setting var C3 = "100p"
Setting var C4 = "10n"
Setting var C6 = "100p"
Setting var Gop = "10000"
Setting var R1 = "10k"
Setting var R2 = "10k"
Setting var R3 = "480"
Setting var R4 = "5k"
Setting var R5 = "500"
Setting var R6 = "157.6"
Setting var Rop = "15.915k"
Setting var cop = "10p"
Setting temp(T) = 27
Setting var vcc = "12"

*Info*    Netlist Directory =
          /home/cadence/simulation/IC___PROLECT/the_circuit/adexl/results/data/Interactive.89/1/IC___PROLECT:the_circuit:1/netlist


*Info*    Data Directory    =
          /home/cadence/simulation/IC___PROLECT/the_circuit/adexl/results/data/Interactive.89/1/IC___PROLECT:the_circuit:1


*Info*    Creating Netlist for Point ID (1 1)

generate netlist...
Begin Incremental Netlisting Dec 17 14:09:24 2024
End netlisting Dec 17 14:09:24 2024

	The netlist is up to date.
	Time taken to compare the design with netlist:   0.0s
      ...successful.
compose simulator input file...
      ...successful.

*Info*    Running simulation on testbench [
          IC___PROLECT:the_circuit:1 ] for Point ID (1 1).

Delete psf data in /home/cadence/simulation/IC___PROLECT/the_circuit/adexl/results/data/Interactive.89/1/IC___PROLECT:the_circuit:1/psf.
compose simulator input file...
      ...successful.
start simulator if needed...
      ...successful.
simulate...
To view the simulator output, right-click on the test name, result 
name, or any value in the "Results" tab of the Outputs section and 
choose "Output Log" menu option.
INFO (ADE-3071): Simulation completed successfully.
reading simulation data...
      ...successful.
*Info*    Client has finished evaluating ... 


*Info*    Run complete for Point ID (1 1) on testbench [
          IC___PROLECT:the_circuit:1 ].





Simulation design variables differ from those on the cellView,
they have been saved in the file "/tmp/saved-design-variables".
To save future changes, copy variables to cellView before exiting.
