*Info*    Exporting services from client ... 

*Info*    Client has finished starting ... 



*Info*    Configuring the session ...

	Library      = Gain_Boosted_Cascode
	Cell         = test_bench
	View         = schematic
	Simulator    = spectre
	State Path   = $AXL_SETUPDB_DIR/test_states
	State Name   = Gain_Boosted_Cascode:test_bench:1_none_Interactive.65
	Results DB   = /home/cadence/IC_PROJECT/Gain_Boosted_Cascode/test_bench/adexl/results/data/Interactive.65.rdb
	Results Dir  = /home/cadence/simulation/Gain_Boosted_Cascode/test_bench/adexl/results/data/Interactive.65/1/Gain_Boosted_Cascode:test_bench:1
	Results Loc  = /home/cadence/simulation/Gain_Boosted_Cascode/test_bench/adexl/results/data
	Project Dir  = /home/cadence/simulation
	Setup DB loc = /home/cadence/IC_PROJECT/Gain_Boosted_Cascode/test_bench/adexl
	File Encoding = 0


*Info*    Spectre controlMode is set "batch".






*Info*    Run start for Point ID (22 1) on testbench [
          Gain_Boosted_Cascode:test_bench:1 ].

Resetting statistical vars

*Info*    Setting parameter values ...

Setting var LN = "100n"
Setting var LP = "600n"
Setting var MN = "16.6666666666667"
Setting var MP = "16.6666666666667"
Setting var VDS = "0.15"
Setting var VGS = "450m"
Setting var VSB = "0"
Setting temp(T) = 27

*Info*    Netlist Directory =
          /home/cadence/simulation/Gain_Boosted_Cascode/test_bench/adexl/results/data/Interactive.65/1/Gain_Boosted_Cascode:test_bench:1/netlist


*Info*    Data Directory    =
          /home/cadence/simulation/Gain_Boosted_Cascode/test_bench/adexl/results/data/Interactive.65/1/Gain_Boosted_Cascode:test_bench:1


*Info*    Creating Netlist for Point ID (22 1)

generate netlist...
Begin Incremental Netlisting Nov 28 08:10:26 2024
WARNING (OSSHNL-160): The primitive, 'analogLib/sp1tswitch/spectre', was not used in the last netlisting session in this
current run directory. Therefore, re-netlisting all cell views where this
primitive is instantiated.

End netlisting Nov 28 08:10:26 2024

Netlisting Statistics:
	Number of components:    8

	Elapsed time:          1.0s (8.00/s)
Errors: 0	Warnings: 0
      ...successful.
compose simulator input file...
      ...successful.

*Info*    Running simulation on testbench [
          Gain_Boosted_Cascode:test_bench:1 ] for Point ID (22 1).

Delete psf data in /home/cadence/simulation/Gain_Boosted_Cascode/test_bench/adexl/results/data/Interactive.65/1/Gain_Boosted_Cascode:test_bench:1/psf.
compose simulator input file...
      ...successful.
start simulator if needed...
      ...successful.
simulate...
To view the simulator output, right-click on the test name, result 
name, or any value in the "Results" tab of the Outputs section and 
choose "Output Log" menu option.
INFO (ADE-3067): Errors encountered during simulation. For more information, right-click
        on a test name in the 'Results' tab of the Outputs pane and choose 'Output Log'
        to view the simulation run log.
reading simulation data...
      ...successful.

*Error*   Error ID  = 5011
*Error*   Error Msg = Simulator failed to complete the simulation.

          Error found by spectre during DC analysis `dcOp'.
Error
          found by spectre during DC analysis `dcOp'.
ERROR
          (SPECTRE-11005): Matrix is singular (detected at
          `S0').
Error found by spectre during DC analysis
          `dcOp'.
Error found by spectre during DC analysis
          `dcOp'.
ERROR (SPECTRE-16080): No DC solution found (no
          convergence).  
Error found by spectre during DC analysis,
          during info `dcOpInfo'.
Error found by spectre during DC
          analysis, during info `dcOpInfo'.
ERROR (SPECTRE-16041):
          Analysis was skipped due to inability to compute operating
          point.
Error found by spectre at VGS = 0 during DC analysis
          `dc'.
Error found by spectre at VGS = 0 during DC analysis
          `dc'.
ERROR (SPECTRE-11005): Matrix is singular (detected
          at `S0').
Error found by spectre at VGS = 0 during DC
          analysis `dc'.
Error found by spectre at VGS = 0 during DC
          analysis `dc'.
ERROR (SPECTRE-16080): No DC solution found
          (no convergence).  





*Info*    Client has finished evaluating ... 

Only symbol and string results name are supported in this function!ERROR (ADEXL-2708): Evaluation of output 'W/ID_P' failed for point:'1' test:'Gain_Boosted_Cascode:test_bench:1'
	Expression:'abs(((VAR("MP") * VAR("LP")) / getData("M1:ids" ?result "dc")))'
	because of the following error(s)
	*Error* quotient: can't handle (1e-05 / nil).
Ensure that the definition of output is correct.

ERROR (ADEXL-2708): Evaluation of output 'W/ID_N' failed for point:'1' test:'Gain_Boosted_Cascode:test_bench:1'
	Expression:'((VAR("MN") * VAR("LN")) / getData("M0:ids" ?result "dc"))'
	because of the following error(s)
	*Error* quotient: can't handle (1.666667e-06 / nil).
Ensure that the definition of output is correct.







Simulation design variables differ from those on the cellView,
they have been saved in the file "/tmp/saved-design-variables".
To save future changes, copy variables to cellView before exiting.
