*Info*    Exporting services from client ... 

*Info*    Client has finished starting ... 



*Info*    Configuring the session ...

	Library      = Gain_Boosted_Cascode
	Cell         = test_bench
	View         = schematic
	Simulator    = spectre
	State Path   = $AXL_SETUPDB_DIR/test_states
	State Name   = Gain_Boosted_Cascode:test_bench:1_none_Interactive.79
	Results DB   = /home/cadence/IC_PROJECT/Gain_Boosted_Cascode/test_bench/adexl/results/data/Interactive.79.rdb
	Results Dir  = /home/cadence/simulation/Gain_Boosted_Cascode/test_bench/adexl/results/data/Interactive.79/1/Gain_Boosted_Cascode:test_bench:1
	Results Loc  = /home/cadence/simulation/Gain_Boosted_Cascode/test_bench/adexl/results/data
	Project Dir  = /home/cadence/simulation
	Setup DB loc = /home/cadence/IC_PROJECT/Gain_Boosted_Cascode/test_bench/adexl
	File Encoding = 0


*Info*    Spectre controlMode is set "batch".






*Info*    Run start for Point ID (0 1) on testbench [
          Gain_Boosted_Cascode:test_bench:1 ].

Resetting statistical vars

*Info*    Setting parameter values ...

Setting var LN = "100n"
Setting var LP = "600n"
Setting var MN = "16.6666666666667"
Setting var MP = "16.6666666666667"
Setting var VDS = "0.4"
Setting var VGS = "450m"
Setting var VSB = "0"
Setting temp(T) = 27

*Info*    Netlist Directory =
          /home/cadence/simulation/Gain_Boosted_Cascode/test_bench/adexl/results/data/Interactive.79/1/Gain_Boosted_Cascode:test_bench:1/netlist


*Info*    Data Directory    =
          /home/cadence/simulation/Gain_Boosted_Cascode/test_bench/adexl/results/data/Interactive.79/1/Gain_Boosted_Cascode:test_bench:1


*Info*    Creating Netlist for Point ID (0 1)

generate netlist...
Begin Incremental Netlisting Nov 30 07:16:32 2024
End netlisting Nov 30 07:16:32 2024

	The netlist is up to date.
	Time taken to compare the design with netlist:   0.0s
      ...successful.
compose simulator input file...
      ...successful.

*Info*    Running simulation on testbench [
          Gain_Boosted_Cascode:test_bench:1 ] for Point ID (0 1).

Delete psf data in /home/cadence/simulation/Gain_Boosted_Cascode/test_bench/adexl/results/data/Interactive.79/1/Gain_Boosted_Cascode:test_bench:1/psf.
compose simulator input file...
      ...successful.
start simulator if needed...
      ...successful.
simulate...
To view the simulator output, right-click on the test name, result 
name, or any value in the "Results" tab of the Outputs section and 
choose "Output Log" menu option.
INFO (ADE-3071): Simulation completed successfully.
reading simulation data...
      ...successful.
*Info*    Client has finished evaluating ... 

Only symbol and string results name are supported in this function!
*Info*    Run complete for Point ID (0 1) on testbench [
          Gain_Boosted_Cascode:test_bench:1 ].





Simulation design variables differ from those on the cellView,
they have been saved in the file "/tmp/saved-design-variables".
To save future changes, copy variables to cellView before exiting.
