*Info*    Exporting services from client ... 

*Info*    Client has finished starting ... 



*Info*    Configuring the session ...

	Library      = Gain_Boosted_Cascode
	Cell         = pmis_5OTA_Optimized
	View         = schematic
	Simulator    = spectre
	State Path   = $AXL_SETUPDB_DIR/test_states
	State Name   = Gain_Boosted_Cascode:pmis_5OTA_Optimized:1_none_Interactive.48
	Results DB   = /home/cadence/IC_PROJECT/Gain_Boosted_Cascode/pmis_5OTA_Optimized/adexl/results/data/Interactive.48.rdb
	Results Dir  = /home/cadence/simulation/Gain_Boosted_Cascode/pmis_5OTA_Optimized/adexl/results/data/Interactive.48/1/Gain_Boosted_Cascode:pmis_5OTA_Optimized:1
	Results Loc  = /home/cadence/simulation/Gain_Boosted_Cascode/pmis_5OTA_Optimized/adexl/results/data
	Project Dir  = /home/cadence/simulation
	Setup DB loc = /home/cadence/IC_PROJECT/Gain_Boosted_Cascode/pmis_5OTA_Optimized/adexl
	File Encoding = 0


*Info*    Spectre controlMode is set "batch".






*Info*    Run start for Point ID (32 1) on testbench [
          Gain_Boosted_Cascode:pmis_5OTA_Optimized:1 ].

Resetting statistical vars

*Info*    Setting parameter values ...

Setting var CL = "10p"
Setting var LIN_BUF = "100n"
Setting var LN = "6u"
Setting var LP = "2.2u"
Setting var LS_BUF = "1u"
Setting var VB_BUF = "0.5"
Setting var W = "5u"
Setting var WIN_BUF = "1.0125e-6"
Setting var WS_BUF = "975e-9"
Setting var W_SOURCE = "44.5u"
Setting temp(T) = 27

*Info*    Netlist Directory =
          /home/cadence/simulation/Gain_Boosted_Cascode/pmis_5OTA_Optimized/adexl/results/data/Interactive.48/1/Gain_Boosted_Cascode:pmis_5OTA_Optimized:1/netlist


*Info*    Data Directory    =
          /home/cadence/simulation/Gain_Boosted_Cascode/pmis_5OTA_Optimized/adexl/results/data/Interactive.48/1/Gain_Boosted_Cascode:pmis_5OTA_Optimized:1


*Info*    Creating Netlist for Point ID (32 1)

generate netlist...
Begin Incremental Netlisting Dec  9 09:43:50 2024
End netlisting Dec  9 09:43:50 2024

	The netlist is up to date.
	Time taken to compare the design with netlist:   0.0s
      ...successful.
compose simulator input file...
      ...successful.

*Info*    Running simulation on testbench [
          Gain_Boosted_Cascode:pmis_5OTA_Optimized:1 ] for Point ID
          (32 1).

Delete psf data in /home/cadence/simulation/Gain_Boosted_Cascode/pmis_5OTA_Optimized/adexl/results/data/Interactive.48/1/Gain_Boosted_Cascode:pmis_5OTA_Optimized:1/psf.
compose simulator input file...
      ...successful.
start simulator if needed...
      ...successful.
simulate...
To view the simulator output, right-click on the test name, result 
name, or any value in the "Results" tab of the Outputs section and 
choose "Output Log" menu option.
INFO (ADE-3071): Simulation completed successfully.
reading simulation data...
      ...successful.
*Info*    Client has finished evaluating ... 


*Info*    Run complete for Point ID (32 1) on testbench [
          Gain_Boosted_Cascode:pmis_5OTA_Optimized:1 ].





Simulation design variables differ from those on the cellView,
they have been saved in the file "/tmp/saved-design-variables".
To save future changes, copy variables to cellView before exiting.
