*Info*    Exporting services from client ... 

*Info*    Client has finished starting ... 



*Info*    Configuring the session ...

	Library      = Gain_Boosted_Cascode
	Cell         = Auxilary_Amp_PMOS_test
	View         = schematic
	Simulator    = spectre
	State Path   = $AXL_SETUPDB_DIR/test_states
	State Name   = Gain_Boosted_Cascode:Auxilary_Amp_PMOS_test:1_none_Interactive.0
	Results DB   = /home/cadence/IC_PROJECT/Gain_Boosted_Cascode/Auxilary_Amp_PMOS_test/adexl/results/data/Interactive.0.rdb
	Results Dir  = /home/cadence/simulation/Gain_Boosted_Cascode/Auxilary_Amp_PMOS_test/adexl/results/data/Interactive.0/1/Gain_Boosted_Cascode:Auxilary_Amp_PMOS_test:1
	Results Loc  = /home/cadence/simulation/Gain_Boosted_Cascode/Auxilary_Amp_PMOS_test/adexl/results/data
	Project Dir  = /home/cadence/simulation
	Setup DB loc = /home/cadence/IC_PROJECT/Gain_Boosted_Cascode/Auxilary_Amp_PMOS_test/adexl
	File Encoding = 0


*Info*    Spectre controlMode is set "batch".






*Info*    Run start for Point ID (0 1) on testbench [
          Gain_Boosted_Cascode:Auxilary_Amp_PMOS_test:1 ].

Resetting statistical vars

*Info*    Setting parameter values ...

Setting var AUX_PMOS_LIN_BUF = "100n"
Setting var AUX_PMOS_LSOURCE = "6u"
Setting var AUX_PMOS_LS_BUF = "1u"
Setting var AUX_PMOS_L_IN = "2.2u"
Setting var AUX_PMOS_L_TAIL = "130n"
Setting var AUX_PMOS_WIN_BUF = "1.0125e-6"
Setting var AUX_PMOS_WSOURCE = "5u"
Setting var AUX_PMOS_WS_BUF = "975e-9"
Setting var AUX_PMOS_W_IN = "100u"
Setting var AUX_PMOS_W_TAIL = "44.5u"
Setting var VB_BUF = "0.5"
Setting temp(T) = 27

*Info*    Netlist Directory =
          /home/cadence/simulation/Gain_Boosted_Cascode/Auxilary_Amp_PMOS_test/adexl/results/data/Interactive.0/1/Gain_Boosted_Cascode:Auxilary_Amp_PMOS_test:1/netlist


*Info*    Data Directory    =
          /home/cadence/simulation/Gain_Boosted_Cascode/Auxilary_Amp_PMOS_test/adexl/results/data/Interactive.0/1/Gain_Boosted_Cascode:Auxilary_Amp_PMOS_test:1


*Info*    Creating Netlist for Point ID (0 1)

generate netlist...
Initializing the control file using cp:
    cp /usr/local/cadence/IC617/tools.lnx86/dfII/etc/si/control.spectre /home/cadence/simulation/Gain_Boosted_Cascode/Auxilary_Amp_PMOS_test/adexl/results/data/Interactive.0/1/Gain_Boosted_Cascode:Auxilary_Amp_PMOS_test:1/netlist/control
Copying Spectre source file 'spectre.inp'
Copying Spectre command file 'spectre.sim'
Begin Incremental Netlisting Dec  9 12:32:20 2024
End netlisting Dec  9 12:32:20 2024

Netlisting Statistics:
	Number of components:   21

	Elapsed time:          0.0s
Errors: 0	Warnings: 0
      ...successful.
compose simulator input file...
      ...successful.

*Info*    Running simulation on testbench [
          Gain_Boosted_Cascode:Auxilary_Amp_PMOS_test:1 ] for Point
          ID (0 1).

Delete psf data in /home/cadence/simulation/Gain_Boosted_Cascode/Auxilary_Amp_PMOS_test/adexl/results/data/Interactive.0/1/Gain_Boosted_Cascode:Auxilary_Amp_PMOS_test:1/psf.
compose simulator input file...
      ...successful.
start simulator if needed...
      ...successful.
simulate...
To view the simulator output, right-click on the test name, result 
name, or any value in the "Results" tab of the Outputs section and 
choose "Output Log" menu option.
INFO (ADE-3071): Simulation completed successfully.
reading simulation data...
      ...successful.
*Info*    Client has finished evaluating ... 


*Info*    Run complete for Point ID (0 1) on testbench [
          Gain_Boosted_Cascode:Auxilary_Amp_PMOS_test:1 ].





Simulation design variables differ from those on the cellView,
they have been saved in the file "/tmp/saved-design-variables".
To save future changes, copy variables to cellView before exiting.
