*Info*    Exporting services from client ... 

*Info*    Client has finished starting ... 



*Info*    Configuring the session ...

	Library      = Gain_Boosted_Cascode
	Cell         = pmis_5OTA_Optimized
	View         = schematic
	Simulator    = spectre
	State Path   = $AXL_SETUPDB_DIR/test_states
	State Name   = Gain_Boosted_Cascode:pmis_5OTA_Optimized:1_none_Interactive.0
	Results DB   = /home/cadence/my_new_project/EECE2026_IC_Project_3rd_year/Gain_Boosted_Cascode/pmis_5OTA_Optimized/adexl/results/data/Interactive.0.rdb
	Results Dir  = /home/cadence/simulation/Gain_Boosted_Cascode/pmis_5OTA_Optimized/adexl/results/data/Interactive.0/1/Gain_Boosted_Cascode:pmis_5OTA_Optimized:1
	Results Loc  = /home/cadence/simulation/Gain_Boosted_Cascode/pmis_5OTA_Optimized/adexl/results/data
	Project Dir  = /home/cadence/simulation
	Setup DB loc = /home/cadence/my_new_project/EECE2026_IC_Project_3rd_year/Gain_Boosted_Cascode/pmis_5OTA_Optimized/adexl
	File Encoding = 0


*Info*    Spectre controlMode is set "batch".






*Info*    Run start for Point ID (0 1) on testbench [
          Gain_Boosted_Cascode:pmis_5OTA_Optimized:1 ].

Resetting statistical vars

*Info*    Setting parameter values ...

Setting temp(T) = 27

*Info*    Netlist Directory =
          /home/cadence/simulation/Gain_Boosted_Cascode/pmis_5OTA_Optimized/adexl/results/data/Interactive.0/1/Gain_Boosted_Cascode:pmis_5OTA_Optimized:1/netlist


*Info*    Data Directory    =
          /home/cadence/simulation/Gain_Boosted_Cascode/pmis_5OTA_Optimized/adexl/results/data/Interactive.0/1/Gain_Boosted_Cascode:pmis_5OTA_Optimized:1


*Info*    Creating Netlist for Point ID (0 1)

generate netlist...
Begin Incremental Netlisting Dec  9 00:20:05 2024
WARNING (OSSHNL-225): The design variable 'DPAR_17', used in the last netlisting session in the current
run directory is not used in this netlisting session. The netlist(s) generated
in the last netlisting session cannot be reused for incremental netlisting.
Therefore re-netlisting the design.

End netlisting Dec  9 00:20:05 2024

Netlisting Statistics:
	Number of components:   15

	Elapsed time:          0.0s
Errors: 0	Warnings: 0
      ...successful.
compose simulator input file...
      ...successful.

*Info*    Running simulation on testbench [
          Gain_Boosted_Cascode:pmis_5OTA_Optimized:1 ] for Point ID
          (0 1).

Delete psf data in /home/cadence/simulation/Gain_Boosted_Cascode/pmis_5OTA_Optimized/adexl/results/data/Interactive.0/1/Gain_Boosted_Cascode:pmis_5OTA_Optimized:1/psf.
compose simulator input file...
      ...successful.
start simulator if needed...
      ...successful.
simulate...
To view the simulator output, right-click on the test name, result 
name, or any value in the "Results" tab of the Outputs section and 
choose "Output Log" menu option.
INFO (ADE-3071): Simulation completed successfully.
reading simulation data...
      ...successful.
*Info*    Client has finished evaluating ... 


*Info*    Run complete for Point ID (0 1) on testbench [
          Gain_Boosted_Cascode:pmis_5OTA_Optimized:1 ].





