Starting Single Run, Sweeps and Corners...

Current time: Tue Dec 17 14:54:39 2024 
Best design point: 1
Design specs: 
	Gain_Boosted_Cascode:Gain_Boosted_Cascode_Actual:1	corner	C0_0 - 
	ymax(dB20((VF("/VOUT+") - VF("/VOUT-"))))		90.3
	bandwidth((VF("/VOUT+") - VF("/VOUT-")) 3 "low")		1.558M
	Gain_Boosted_Cascode:Gain_Boosted_Cascode_Actual:1	corner	C0_1 - 
	ymax(dB20((VF("/VOUT+") - VF("/VOUT-"))))		88.55
	bandwidth((VF("/VOUT+") - VF("/VOUT-")) 3 "low")		2.15M
	Gain_Boosted_Cascode:Gain_Boosted_Cascode_Actual:1	corner	C0_2 - 
	ymax(dB20((VF("/VOUT+") - VF("/VOUT-"))))		82.28
	bandwidth((VF("/VOUT+") - VF("/VOUT-")) 3 "low")		3.436M
	Gain_Boosted_Cascode:Gain_Boosted_Cascode_Actual:1	corner	C0_3 - 
	ymax(dB20((VF("/VOUT+") - VF("/VOUT-"))))		89.87
	bandwidth((VF("/VOUT+") - VF("/VOUT-")) 3 "low")		412.2k
	Gain_Boosted_Cascode:Gain_Boosted_Cascode_Actual:1	corner	C0_4 - 
	ymax(dB20((VF("/VOUT+") - VF("/VOUT-"))))		89.86
	bandwidth((VF("/VOUT+") - VF("/VOUT-")) 3 "low")		540k
	Gain_Boosted_Cascode:Gain_Boosted_Cascode_Actual:1	corner	C0_5 - 
	ymax(dB20((VF("/VOUT+") - VF("/VOUT-"))))		84.27
	bandwidth((VF("/VOUT+") - VF("/VOUT-")) 3 "low")		942.4k
	Gain_Boosted_Cascode:Gain_Boosted_Cascode_Actual:1	corner	C0_6 - 
	ymax(dB20((VF("/VOUT+") - VF("/VOUT-"))))		91.54
	bandwidth((VF("/VOUT+") - VF("/VOUT-")) 3 "low")		733k
	Gain_Boosted_Cascode:Gain_Boosted_Cascode_Actual:1	corner	C0_7 - 
	ymax(dB20((VF("/VOUT+") - VF("/VOUT-"))))		90.12
	bandwidth((VF("/VOUT+") - VF("/VOUT-")) 3 "low")		1.027M
	Gain_Boosted_Cascode:Gain_Boosted_Cascode_Actual:1	corner	C0_8 - 
	ymax(dB20((VF("/VOUT+") - VF("/VOUT-"))))		84.38
	bandwidth((VF("/VOUT+") - VF("/VOUT-")) 3 "low")		1.731M
	Gain_Boosted_Cascode:Gain_Boosted_Cascode_Actual:1	corner	C0_9 - 
	ymax(dB20((VF("/VOUT+") - VF("/VOUT-"))))		91.72
	bandwidth((VF("/VOUT+") - VF("/VOUT-")) 3 "low")		989k
	Gain_Boosted_Cascode:Gain_Boosted_Cascode_Actual:1	corner	C0_10 - 
	ymax(dB20((VF("/VOUT+") - VF("/VOUT-"))))		89.74
	bandwidth((VF("/VOUT+") - VF("/VOUT-")) 3 "low")		1.501M
	Gain_Boosted_Cascode:Gain_Boosted_Cascode_Actual:1	corner	C0_11 - 
	ymax(dB20((VF("/VOUT+") - VF("/VOUT-"))))		83.8
	bandwidth((VF("/VOUT+") - VF("/VOUT-")) 3 "low")		2.422M
	Gain_Boosted_Cascode:Gain_Boosted_Cascode_Actual:1	corner	C0_12 - 
	ymax(dB20((VF("/VOUT+") - VF("/VOUT-"))))		87.83
	bandwidth((VF("/VOUT+") - VF("/VOUT-")) 3 "low")		663.2k
	Gain_Boosted_Cascode:Gain_Boosted_Cascode_Actual:1	corner	C0_13 - 
	ymax(dB20((VF("/VOUT+") - VF("/VOUT-"))))		87.41
	bandwidth((VF("/VOUT+") - VF("/VOUT-")) 3 "low")		898.6k
	Gain_Boosted_Cascode:Gain_Boosted_Cascode_Actual:1	corner	C0_14 - 
	ymax(dB20((VF("/VOUT+") - VF("/VOUT-"))))		81.27
	bandwidth((VF("/VOUT+") - VF("/VOUT-")) 3 "low")		1.623M
	Gain_Boosted_Cascode:Gain_Boosted_Cascode_Actual:1	corner	Nominal - 
	ymax(dB20((VF("/VOUT+") - VF("/VOUT-"))))		90.12
	bandwidth((VF("/VOUT+") - VF("/VOUT-")) 3 "low")		1.027M
Design parameters: 
	AV_N		100
	AV_P		100
	L_CASCN		120n
	L_CASCP		120n
	L_INPUT		160n
	L_SOURCEN		500n
	L_SOURCEP		600n
	VBN		350m
	VBP		732.3m
	VCASCN		900m
	VCASCP		350m
	VINCM		500m
	VOCM		600m
	W_CASCN		175u
	W_CASCP		175u
	W_INPUT		4m
	W_SOURCEP		928u
	WN_SOURCE		2.899m
	VDD		1.2
	cgg2		1f
	AUX_NMOS_L_BUF_IN		100n
	AUX_NMOS_L_BUF_SOURCE		1u
	AUX_NMOS_L_IN		2.57u
	AUX_NMOS_L_LOAD		3.77u
	AUX_NMOS_L_TAIL		1u
	AUX_NMOS_W_BUF_IN		3.15u
	AUX_NMOS_W_BUF_SOURCE		1.975u
	AUX_NMOS_W_IN		34.35u
	AUX_NMOS_W_LOAD		6.96u
	AUX_NMOS_W_TAIL		48u
	AUX_PMOS_L_IN		2.2u
	AUX_PMOS_L_TAIL		130n
	AUX_PMOS_LIN_BUF		100n
	AUX_PMOS_LS_BUF		1u
	AUX_PMOS_LSOURCE		6u
	AUX_PMOS_W_IN		100u
	AUX_PMOS_W_TAIL		44.5u
	AUX_PMOS_WIN_BUF		1.013u
	AUX_PMOS_WS_BUF		975n
	AUX_PMOS_WSOURCE		5u
	AUXN_VBN		300m
	AUXN_VBP		600m
	AUXN_VBUF		700m
	AUXN_VOCM		600m
	AUXP_VBN		520m
	AUXP_VBP		900m
	AUXP_VBUF		500m
	AUXP_VOCM		750m

Interactive.188
Number of points completed: 1
Number of simulation errors: 0
Interactive.188 completed. 
Current time: Tue Dec 17 14:55:28 2024 
