Starting Single Run, Sweeps and Corners...

Current time: Tue Dec 17 14:30:24 2024 
Best design point: 1
Design specs: 
	Gain_Boosted_Cascode:Gain_Boosted_Cascode_Actual:1	corner	Nominal - 
	ymax(dB20((VF("/VOUT+") - VF("/VOUT-"))))		90.12
	bandwidth((VF("/VOUT+") - VF("/VOUT-")) 3 "low")		1.027M
Design parameters: 
	AV_N		100
	AV_P		100
	L_CASCN		120n
	L_CASCP		120n
	L_INPUT		160n
	L_SOURCEN		500n
	L_SOURCEP		600n
	VBN		350m
	VBP		732.3m
	VCASCN		900m
	VCASCP		350m
	VINCM		500m
	VOCM		600m
	W_CASCN		175u
	W_CASCP		175u
	W_INPUT		4m
	W_SOURCEP		928u
	WN_SOURCE		2.899m
	VDD		1.2
	cgg2		1f
	AUX_NMOS_L_BUF_IN		100n
	AUX_NMOS_L_BUF_SOURCE		1u
	AUX_NMOS_L_IN		2.57u
	AUX_NMOS_L_LOAD		3.77u
	AUX_NMOS_L_TAIL		1u
	AUX_NMOS_W_BUF_IN		3.15u
	AUX_NMOS_W_BUF_SOURCE		1.975u
	AUX_NMOS_W_IN		34.35u
	AUX_NMOS_W_LOAD		6.96u
	AUX_NMOS_W_TAIL		48u
	AUX_PMOS_L_IN		2.2u
	AUX_PMOS_L_TAIL		130n
	AUX_PMOS_LIN_BUF		100n
	AUX_PMOS_LS_BUF		1u
	AUX_PMOS_LSOURCE		6u
	AUX_PMOS_W_IN		100u
	AUX_PMOS_W_TAIL		44.5u
	AUX_PMOS_WIN_BUF		1.013u
	AUX_PMOS_WS_BUF		975n
	AUX_PMOS_WSOURCE		5u
	AUXN_VBN		300m
	AUXN_VBP		600m
	AUXN_VBUF		700m
	AUXN_VOCM		600m
	AUXP_VBN		520m
	AUXP_VBP		900m
	AUXP_VBUF		500m
	AUXP_VOCM		750m

Interactive.187
Number of points completed: 1
Number of simulation errors: 0
Interactive.187 completed. 
Current time: Tue Dec 17 14:30:29 2024 
