Starting Single Run, Sweeps and Corners...

Current time: Fri Nov 29 18:06:44 2024 
Best design point: 1
Design specs: 
	Gain_Boosted_Cascode:Gain_Boosted_OTA_behavior:1	corner	Nominal - 
	BW		1.125M
	Gain		90.15
Design parameters: 
	AV_N		100
	AV_P		100
	L_CASCN		120n
	L_CASCP		80n
	L_INPUT		130n
	L_SOURCEN		500n
	L_SOURCEP		600n
	VBN		350m
	VBP		734.4m
	VCASCN		900m
	VCASCP		450m
	VINCM		500m
	VOCM		600m
	W_CASCN		500u
	W_CASCP		800u
	W_INPUT		3m
	W_SOURCEP		2.32m
	WN_SOURCE		7.247m
	VDD		1.2
	cgg2		1f

Interactive.124
Number of points completed: 1
Number of simulation errors: 0
Interactive.124 completed. 
Current time: Fri Nov 29 18:06:58 2024 
