\o Program:		@(#)$CDS: libManager version 6.1.7 - CAT35 10/18/2015 00:06 (sjfnl678) $
\o Sub version:		sub-version  p009 
\o Arguments:		-unmapped -mpssession virtuoso1916 -mpshost berkeley 
\o Working Directory:	berkeley:/home/cadence/my_new_project/EECE2026_IC_Project_3rd_year/Gain_Boosted_Cascode
\o 64-bit offsets
\o Qt version: 		4.8.5
\o changeWorkingDir("/home/cadence/my_new_project/EECE2026_IC_Project_3rd_year/Gain_Boosted_Cascode") unnecessary.
\o ddSetForcedLib("") unnecessary.
\o Log file is "/home/cadence/my_new_project/EECE2026_IC_Project_3rd_year/Gain_Boosted_Cascode/libManager.log".
\o Opening libManager window.
\a nrSetWindowVisibility(cdsLibManager "show")
\o MPS service: map window
\o Library Manager customization server connected.
\a nrSetCurrentWindow(cdsLibManager)
\a nrResizeWindow(cdsLibManager list(0 25 1020 529))
\a nrResizeWindow(cdsLibManager list(-2 24 1024 697))
\a cdsLibManager->showFilesToggle->value = t
\a cdsLibManager->showFilesToggle->value = nil
\a cdsLibManager->showCatsToggle->value = t
\a cdsLibManager->QToolButton7->value = t
\a cdsLibManager->showCategoriesAction->value = t
\a cdsLibManager->showCatsToggle->value = nil
\a cdsLibManager->QToolButton7->value = nil
\a cdsLibManager->showCategoriesAction->value = nil
\a _lmgrCloseIconify("cdsLibManager" 1)
\o MPS service: map window
\a nrSetCurrentWindow(cdsLibManager)
\a _lmgrCloseIconify("cdsLibManager" 1)
\o MPS service: shutdown
\o libManager is exiting.
\a nrSetWindowVisibility(cdsLibManager "hide")
\a exit(0)
